#
# A fatal error has been detected by the Java Runtime Environment:
#
#  EXCEPTION_ACCESS_VIOLATION (0xc0000005) at pc=0x00000000630fa970, pid=7148, tid=0x0000000000000f18
#
# JRE version: Java(TM) SE Runtime Environment (8.0_101-b13) (build 1.8.0_101-b13)
# Java VM: Java HotSpot(TM) 64-Bit Server VM (25.101-b13 mixed mode windows-amd64 compressed oops)
# Problematic frame:
# V  [jvm.dll+0x4ba970]
#
# Failed to write core dump. Minidumps are not enabled by default on client versions of Windows
#
# If you would like to submit a bug report, please visit:
#   http://bugreport.java.com/bugreport/crash.jsp
#

---------------  T H R E A D  ---------------

Current thread (0x000000005642b000):  JavaThread "C2 CompilerThread1" daemon [_thread_in_native, id=3864, stack(0x0000000056c00000,0x0000000056d00000)]

siginfo: ExceptionCode=0xc0000005, reading address 0x00000001b1b9cbd0

Registers:
RAX=0x0000000056cfca40, RBX=0x0000000000000003, RCX=0x000000005830d590, RDX=0x0000000056623d90
RSP=0x0000000056cfc500, RBP=0x00000000582c99e0, RSI=0x0000000000000010, RDI=0x0000000056cfc680
R8 =0x0000000000000001, R9 =0x0000000057f68280, R10=0x000000006345ae10, R11=0x0000000062c40000
R12=0x0000000057ab8d70, R13=0x0000000000000000, R14=0x0000000056623c90, R15=0x000000005841a890
RIP=0x00000000630fa970, EFLAGS=0x0000000000010293

Top of Stack: (sp=0x0000000056cfc500)
0x0000000056cfc500:   0000000056cfc680 0000000000000001
0x0000000056cfc510:   00000000582c91b0 0000000000000000
0x0000000056cfc520:   00000000000000b8 000000005641a420
0x0000000056cfc530:   000000005830d580 00000000000a77a0
0x0000000056cfc540:   0000000058314750 0000000058315568
0x0000000056cfc550:   00000000632b5a58 000000005641a420
0x0000000056cfc560:   0000000000000010 00000000582ca700
0x0000000056cfc570:   0000000056cfc640 00000000000003d8
0x0000000056cfc580:   0000000057ad6348 0000000057ad5f70
0x0000000056cfc590:   0000000000000000 0000000057ad5f60
0x0000000056cfc5a0:   0000000056cfc6c0 0000000056cfc930
0x0000000056cfc5b0:   0000000000000000 00000000630a8783
0x0000000056cfc5c0:   0000000000000002 0000000000000003
0x0000000056cfc5d0:   0000000000000018 0000000000000010
0x0000000056cfc5e0:   0000000000000002 0000000057ad5f60
0x0000000056cfc5f0:   00000000584521f0 00000000584561c0 

Instructions: (pc=0x00000000630fa970)
0x00000000630fa950:   eb 03 45 33 f6 41 0f b6 46 2c 24 0f 3c 0c 0f 84
0x00000000630fa960:   86 01 00 00 48 8b 47 40 49 63 56 28 48 8b 48 18
0x00000000630fa970:   8b 1c 91 85 db 74 54 49 8b 47 08 8b cb 48 c1 e9
0x00000000630fa980:   08 4c 8b 0c c8 4d 3b ca 75 14 8b d3 49 8b cf e8 


Register to memory mapping:

RAX=0x0000000056cfca40 is pointing into the stack for thread: 0x000000005642b000
RBX=0x0000000000000003 is an unknown value
RCX=0x000000005830d590 is an unknown value
RDX=0x0000000056623d90 is an unknown value
RSP=0x0000000056cfc500 is pointing into the stack for thread: 0x000000005642b000
RBP=0x00000000582c99e0 is an unknown value
RSI=0x0000000000000010 is an unknown value
RDI=0x0000000056cfc680 is pointing into the stack for thread: 0x000000005642b000
R8 =0x0000000000000001 is an unknown value
R9 =0x0000000057f68280 is an unknown value
R10=0x000000006345ae10 is an unknown value
R11=0x0000000062c40000 is an unknown value
R12=0x0000000057ab8d70 is an unknown value
R13=0x0000000000000000 is an unknown value
R14=0x0000000056623c90 is an unknown value
R15=0x000000005841a890 is an unknown value


Stack: [0x0000000056c00000,0x0000000056d00000],  sp=0x0000000056cfc500,  free space=1009k
Native frames: (J=compiled Java code, j=interpreted, Vv=VM code, C=native code)
V  [jvm.dll+0x4ba970]
V  [jvm.dll+0x468783]
V  [jvm.dll+0x473aab]
V  [jvm.dll+0x476378]
V  [jvm.dll+0x458d82]
V  [jvm.dll+0xa57c2]
V  [jvm.dll+0xa60ff]
V  [jvm.dll+0x2451a4]
V  [jvm.dll+0x29c18a]
C  [msvcr100.dll+0x21d9f]
C  [msvcr100.dll+0x21e3b]
C  [kernel32.dll+0x159ed]
C  [ntdll.dll+0x2b371]


Current CompileTask:
C2:  10534 1585       4       com.android.dx.ssa.back.SsaToRop::convertBasicBlock (126 bytes)


---------------  P R O C E S S  ---------------

Java Threads: ( => current thread )
  0x0000000056653000 JavaThread "pool-1-thread-4" [_thread_blocked, id=6464, stack(0x0000000057910000,0x0000000057a10000)]
  0x000000005664d800 JavaThread "pool-1-thread-3" [_thread_blocked, id=9136, stack(0x0000000057700000,0x0000000057800000)]
  0x000000005664d000 JavaThread "pool-1-thread-2" [_thread_blocked, id=4908, stack(0x0000000057550000,0x0000000057650000)]
  0x00000000565ee000 JavaThread "pool-2-thread-1" [_thread_blocked, id=7636, stack(0x0000000056d80000,0x0000000056e80000)]
  0x00000000565ed800 JavaThread "pool-1-thread-1" [_thread_blocked, id=5540, stack(0x00000000572d0000,0x00000000573d0000)]
  0x0000000056434000 JavaThread "Service Thread" daemon [_thread_blocked, id=1560, stack(0x0000000057030000,0x0000000057130000)]
  0x0000000055119000 JavaThread "C1 CompilerThread2" daemon [_thread_blocked, id=6104, stack(0x0000000056eb0000,0x0000000056fb0000)]
=>0x000000005642b000 JavaThread "C2 CompilerThread1" daemon [_thread_in_native, id=3864, stack(0x0000000056c00000,0x0000000056d00000)]
  0x000000005641c800 JavaThread "C2 CompilerThread0" daemon [_thread_in_native, id=2568, stack(0x00000000561f0000,0x00000000562f0000)]
  0x000000005641b800 JavaThread "Attach Listener" daemon [_thread_blocked, id=3672, stack(0x00000000569f0000,0x0000000056af0000)]
  0x000000005510c000 JavaThread "Signal Dispatcher" daemon [_thread_blocked, id=8044, stack(0x0000000056830000,0x0000000056930000)]
  0x00000000550f9000 JavaThread "Finalizer" daemon [_thread_blocked, id=1076, stack(0x0000000056310000,0x0000000056410000)]
  0x00000000550b2000 JavaThread "Reference Handler" daemon [_thread_blocked, id=5788, stack(0x0000000055f10000,0x0000000056010000)]
  0x00000000024bf000 JavaThread "main" [_thread_blocked, id=9132, stack(0x00000000026d0000,0x00000000027d0000)]

Other Threads:
  0x00000000550aa800 VMThread [stack: 0x00000000560b0000,0x00000000561b0000] [id=9088]
  0x00000000564b9000 WatcherThread [stack: 0x0000000057150000,0x0000000057250000] [id=8632]

VM state:not at safepoint (normal execution)

VM Mutex/Monitor currently owned by a thread: None

Heap:
 PSYoungGen      total 50688K, used 11404K [0x00000000eab00000, 0x00000000ee000000, 0x0000000100000000)
  eden space 47104K, 16% used [0x00000000eab00000,0x00000000eb2a9018,0x00000000ed900000)
  from space 3584K, 99% used [0x00000000edc80000,0x00000000edffa048,0x00000000ee000000)
  to   space 3584K, 0% used [0x00000000ed900000,0x00000000ed900000,0x00000000edc80000)
 ParOldGen       total 61440K, used 5186K [0x00000000c0000000, 0x00000000c3c00000, 0x00000000eab00000)
  object space 61440K, 8% used [0x00000000c0000000,0x00000000c0510810,0x00000000c3c00000)
 Metaspace       used 6249K, capacity 7094K, committed 7296K, reserved 1056768K
  class space    used 608K, capacity 622K, committed 640K, reserved 1048576K

Card table byte_map: [0x0000000011b90000,0x0000000011da0000] byte_map_base: 0x0000000011590000

Marking Bits: (ParMarkBitMap*) 0x000000006345a6d0
 Begin Bits: [0x0000000012520000, 0x0000000013520000)
 End Bits:   [0x0000000013520000, 0x0000000014520000)

Polling page: 0x00000000004e0000

CodeCache: size=245760Kb used=7038Kb max_used=7064Kb free=238721Kb
 bounds [0x00000000027d0000, 0x0000000002ed0000, 0x00000000117d0000]
 total_blobs=1862 nmethods=1591 adapters=184
 compilation: enabled

Compilation events (10 events):
Event: 10.380 Thread 0x0000000055119000 1594       3       com.android.dx.cf.code.LocalVariableList$Item::access$000 (5 bytes)
Event: 10.380 Thread 0x0000000055119000 nmethod 1594 0x0000000002e5dd10 code [0x0000000002e5de60, 0x0000000002e5dfb0]
Event: 10.380 Thread 0x0000000055119000 1595       3       com.android.dx.cf.code.LocalVariableList$Item::withSignature (29 bytes)
Event: 10.380 Thread 0x0000000055119000 nmethod 1595 0x0000000002e99010 code [0x0000000002e99180, 0x0000000002e99388]
Event: 10.381 Thread 0x0000000055119000 1596       3       com.android.dx.ssa.PhiInsn::mapSourceRegisters (78 bytes)
Event: 10.382 Thread 0x0000000055119000 nmethod 1596 0x0000000002e98050 code [0x0000000002e98240, 0x0000000002e98bc8]
Event: 10.384 Thread 0x000000005641c800 nmethod 1586 0x0000000002ea3010 code [0x0000000002ea31a0, 0x0000000002ea3898]
Event: 10.384 Thread 0x000000005641c800 1590       4       com.android.dx.rop.code.LocalVariableExtractor::processBlock (327 bytes)
Event: 10.406 Thread 0x0000000055119000 1599   !   3       java.util.concurrent.locks.AbstractQueuedSynchronizer::acquireQueued (93 bytes)
Event: 10.407 Thread 0x0000000055119000 nmethod 1599 0x0000000002e96c90 code [0x0000000002e96ec0, 0x0000000002e979d8]

GC Heap History (4 events):
Event: 4.322 GC heap before
{Heap before GC invocations=1 (full 0):
 PSYoungGen      total 27136K, used 23552K [0x00000000eab00000, 0x00000000ec900000, 0x0000000100000000)
  eden space 23552K, 100% used [0x00000000eab00000,0x00000000ec200000,0x00000000ec200000)
  from space 3584K, 0% used [0x00000000ec580000,0x00000000ec580000,0x00000000ec900000)
  to   space 3584K, 0% used [0x00000000ec200000,0x00000000ec200000,0x00000000ec580000)
 ParOldGen       total 61440K, used 0K [0x00000000c0000000, 0x00000000c3c00000, 0x00000000eab00000)
  object space 61440K, 0% used [0x00000000c0000000,0x00000000c0000000,0x00000000c3c00000)
 Metaspace       used 6056K, capacity 6964K, committed 7040K, reserved 1056768K
  class space    used 605K, capacity 620K, committed 640K, reserved 1048576K
Event: 4.367 GC heap after
Heap after GC invocations=1 (full 0):
 PSYoungGen      total 27136K, used 3583K [0x00000000eab00000, 0x00000000ee000000, 0x0000000100000000)
  eden space 23552K, 0% used [0x00000000eab00000,0x00000000eab00000,0x00000000ec200000)
  from space 3584K, 99% used [0x00000000ec200000,0x00000000ec57fc98,0x00000000ec580000)
  to   space 3584K, 0% used [0x00000000edc80000,0x00000000edc80000,0x00000000ee000000)
 ParOldGen       total 61440K, used 1701K [0x00000000c0000000, 0x00000000c3c00000, 0x00000000eab00000)
  object space 61440K, 2% used [0x00000000c0000000,0x00000000c01a9760,0x00000000c3c00000)
 Metaspace       used 6056K, capacity 6964K, committed 7040K, reserved 1056768K
  class space    used 605K, capacity 620K, committed 640K, reserved 1048576K
}
Event: 8.312 GC heap before
{Heap before GC invocations=2 (full 0):
 PSYoungGen      total 27136K, used 27135K [0x00000000eab00000, 0x00000000ee000000, 0x0000000100000000)
  eden space 23552K, 100% used [0x00000000eab00000,0x00000000ec200000,0x00000000ec200000)
  from space 3584K, 99% used [0x00000000ec200000,0x00000000ec57fc98,0x00000000ec580000)
  to   space 3584K, 0% used [0x00000000edc80000,0x00000000edc80000,0x00000000ee000000)
 ParOldGen       total 61440K, used 1701K [0x00000000c0000000, 0x00000000c3c00000, 0x00000000eab00000)
  object space 61440K, 2% used [0x00000000c0000000,0x00000000c01a9760,0x00000000c3c00000)
 Metaspace       used 6232K, capacity 7094K, committed 7296K, reserved 1056768K
  class space    used 608K, capacity 622K, committed 640K, reserved 1048576K
Event: 8.817 GC heap after
Heap after GC invocations=2 (full 0):
 PSYoungGen      total 50688K, used 3560K [0x00000000eab00000, 0x00000000ee000000, 0x0000000100000000)
  eden space 47104K, 0% used [0x00000000eab00000,0x00000000eab00000,0x00000000ed900000)
  from space 3584K, 99% used [0x00000000edc80000,0x00000000edffa048,0x00000000ee000000)
  to   space 3584K, 0% used [0x00000000ed900000,0x00000000ed900000,0x00000000edc80000)
 ParOldGen       total 61440K, used 5186K [0x00000000c0000000, 0x00000000c3c00000, 0x00000000eab00000)
  object space 61440K, 8% used [0x00000000c0000000,0x00000000c0510810,0x00000000c3c00000)
 Metaspace       used 6232K, capacity 7094K, committed 7296K, reserved 1056768K
  class space    used 608K, capacity 622K, committed 640K, reserved 1048576K
}

Deoptimization events (10 events):
Event: 7.286 Thread 0x000000005664d000 Uncommon trap: reason=bimorphic action=maybe_recompile pc=0x0000000002d53ec0 method=com.android.dx.cf.code.BytecodeArray.parseInstruction(ILcom/android/dx/cf/code/BytecodeArray$Visitor;)I @ 1130
Event: 7.286 Thread 0x000000005664d000 Uncommon trap: reason=bimorphic action=maybe_recompile pc=0x0000000002d539f0 method=com.android.dx.cf.code.BytecodeArray.parseInstruction(ILcom/android/dx/cf/code/BytecodeArray$Visitor;)I @ 907
Event: 7.286 Thread 0x000000005664d000 Uncommon trap: reason=bimorphic action=maybe_recompile pc=0x0000000002d53ec0 method=com.android.dx.cf.code.BytecodeArray.parseInstruction(ILcom/android/dx/cf/code/BytecodeArray$Visitor;)I @ 1130
Event: 7.286 Thread 0x000000005664d000 Uncommon trap: reason=bimorphic action=maybe_recompile pc=0x0000000002d53a70 method=com.android.dx.cf.code.BytecodeArray.parseInstruction(ILcom/android/dx/cf/code/BytecodeArray$Visitor;)I @ 923
Event: 7.286 Thread 0x000000005664d000 Uncommon trap: reason=bimorphic action=maybe_recompile pc=0x0000000002d53ec0 method=com.android.dx.cf.code.BytecodeArray.parseInstruction(ILcom/android/dx/cf/code/BytecodeArray$Visitor;)I @ 1130
Event: 7.845 Thread 0x000000005664d000 Uncommon trap: reason=null_check action=make_not_entrant pc=0x0000000002ce54d0 method=com.android.dx.rop.type.Type.equals(Ljava/lang/Object;)Z @ 8
Event: 7.846 Thread 0x000000005664d000 Uncommon trap: reason=null_check action=make_not_entrant pc=0x0000000002b1c338 method=com.android.dx.ssa.SsaRenamer.getLocalForNewReg(I)Lcom/android/dx/rop/code/LocalItem; @ 19
Event: 8.240 Thread 0x0000000056653000 Uncommon trap: reason=unstable_if action=reinterpret pc=0x0000000002c2c270 method=com.android.dx.dex.code.OutputFinisher.hasLocalInfo(Lcom/android/dx/dex/code/DalvInsn;)Z @ 24
Event: 8.999 Thread 0x00000000565ed800 Uncommon trap: reason=unstable_if action=reinterpret pc=0x0000000002da1a50 method=com.android.dx.rop.code.RegisterSpec.intersect(Lcom/android/dx/rop/code/RegisterSpec;Z)Lcom/android/dx/rop/code/RegisterSpec; @ 8
Event: 9.000 Thread 0x00000000565ed800 Uncommon trap: reason=unstable_if action=reinterpret pc=0x0000000002e19614 method=com.android.dx.rop.code.RegisterSpec.intersect(Lcom/android/dx/rop/code/RegisterSpec;Z)Lcom/android/dx/rop/code/RegisterSpec; @ 8

Internal exceptions (4 events):
Event: 0.061 Thread 0x00000000024bf000 Exception <a 'java/lang/NoSuchMethodError': Method sun.misc.Unsafe.defineClass(Ljava/lang/String;[BII)Ljava/lang/Class; name or signature does not match> (0x00000000eab07cc0) thrown at [C:\re\workspace\8-2-build-windows-amd64-cygwin\jdk8u101\7261\hotspot\sà∑Áîv\Ø?
Event: 0.061 Thread 0x00000000024bf000 Exception <a 'java/lang/NoSuchMethodError': Method sun.misc.Unsafe.prefetchRead(Ljava/lang/Object;J)V name or signature does not match> (0x00000000eab07fa8) thrown at [C:\re\workspace\8-2-build-windows-amd64-cygwin\jdk8u101\7261\hotspot\src\share\vm\prims\K˜êCa@
Event: 7.845 Thread 0x000000005664d000 Implicit null exception at 0x0000000002ce53d2 to 0x0000000002ce54c2
Event: 7.846 Thread 0x000000005664d000 Implicit null exception at 0x0000000002b1ad98 to 0x0000000002b1c315

Events (10 events):
Event: 8.240 Thread 0x0000000056653000 DEOPT PACKING pc=0x0000000002c2c270 sp=0x0000000057a0e9b0
Event: 8.240 Thread 0x0000000056653000 DEOPT UNPACKING pc=0x000000000281582a sp=0x0000000057a0e8c8 mode 2
Event: 8.312 Executing VM operation: ParallelGCFailedAllocation
Event: 8.818 Executing VM operation: ParallelGCFailedAllocation done
Event: 8.999 Thread 0x00000000565ed800 Uncommon trap: trap_request=0xffffff65 fr.pc=0x0000000002da1a50
Event: 8.999 Thread 0x00000000565ed800 DEOPT PACKING pc=0x0000000002da1a50 sp=0x00000000573ce690
Event: 8.999 Thread 0x00000000565ed800 DEOPT UNPACKING pc=0x000000000281582a sp=0x00000000573ce530 mode 2
Event: 9.000 Thread 0x00000000565ed800 Uncommon trap: trap_request=0xffffff65 fr.pc=0x0000000002e19614
Event: 9.000 Thread 0x00000000565ed800 DEOPT PACKING pc=0x0000000002e19614 sp=0x00000000573ce7d0
Event: 9.000 Thread 0x00000000565ed800 DEOPT UNPACKING pc=0x000000000281582a sp=0x00000000573ce660 mode 2


Dynamic libraries:
0x000000013f7e0000 - 0x000000013f817000 	C:\Program Files\Java\jdk1.8.0_101\bin\java.exe
0x0000000077b50000 - 0x0000000077cfa000 	C:\Windows\SYSTEM32\ntdll.dll
0x00000000777f0000 - 0x000000007790f000 	C:\Windows\system32\kernel32.dll
0x000007fefd970000 - 0x000007fefd9db000 	C:\Windows\system32\KERNELBASE.dll
0x000007feff760000 - 0x000007feff83b000 	C:\Windows\system32\ADVAPI32.dll
0x000007feff030000 - 0x000007feff0cf000 	C:\Windows\system32\msvcrt.dll
0x000007feff510000 - 0x000007feff52f000 	C:\Windows\SYSTEM32\sechost.dll
0x000007fefde70000 - 0x000007fefdf9d000 	C:\Windows\system32\RPCRT4.dll
0x0000000077910000 - 0x0000000077a0a000 	C:\Windows\system32\USER32.dll
0x000007feff4a0000 - 0x000007feff507000 	C:\Windows\system32\GDI32.dll
0x000007feff020000 - 0x000007feff02e000 	C:\Windows\system32\LPK.dll
0x000007fefdd20000 - 0x000007fefddea000 	C:\Windows\system32\USP10.dll
0x000007fefbf90000 - 0x000007fefc184000 	C:\Windows\WinSxS\amd64_microsoft.windows.common-controls_6595b64144ccf1df_6.0.7601.18837_none_fa3b1e3d17594757\COMCTL32.dll
0x000007feff0e0000 - 0x000007feff151000 	C:\Windows\system32\SHLWAPI.dll
0x000007fefdfa0000 - 0x000007fefdfce000 	C:\Windows\system32\IMM32.DLL
0x000007fefdfd0000 - 0x000007fefe0d9000 	C:\Windows\system32\MSCTF.dll
0x000007fefd7e0000 - 0x000007fefd812000 	C:\Windows\system32\nvinitx.dll
0x00000000634e0000 - 0x00000000635b2000 	C:\Program Files\Java\jdk1.8.0_101\jre\bin\msvcr100.dll
0x0000000062c40000 - 0x00000000634da000 	C:\Program Files\Java\jdk1.8.0_101\jre\bin\server\jvm.dll
0x000007fef73a0000 - 0x000007fef73a9000 	C:\Windows\system32\WSOCK32.dll
0x000007fefdcd0000 - 0x000007fefdd1d000 	C:\Windows\system32\WS2_32.dll
0x000007feff0d0000 - 0x000007feff0d8000 	C:\Windows\system32\NSI.dll
0x000007fefdbf0000 - 0x000007fefdc2b000 	C:\Windows\system32\WINMM.dll
0x000007fefc980000 - 0x000007fefc98c000 	C:\Windows\system32\VERSION.dll
0x0000000077d10000 - 0x0000000077d17000 	C:\Windows\system32\PSAPI.DLL
0x000000006cad0000 - 0x000000006cadf000 	C:\Program Files\Java\jdk1.8.0_101\jre\bin\verify.dll
0x0000000062c10000 - 0x0000000062c39000 	C:\Program Files\Java\jdk1.8.0_101\jre\bin\java.dll
0x0000000062bf0000 - 0x0000000062c06000 	C:\Program Files\Java\jdk1.8.0_101\jre\bin\zip.dll
0x000007fefe100000 - 0x000007fefee89000 	C:\Windows\system32\SHELL32.dll
0x000007feffa20000 - 0x000007feffc23000 	C:\Windows\system32\ole32.dll
0x000007fefd820000 - 0x000007fefd82f000 	C:\Windows\system32\profapi.dll
0x000007fef7650000 - 0x000007fef7775000 	C:\Windows\system32\dbghelp.dll

VM Arguments:
jvm_args: -Djava.awt.headless=true -Xmx1024M -Dfile.encoding=GBK -Duser.country=CN -Duser.language=zh -Duser.variant 
java_command: com.android.dx.command.Main --dex --force-jumbo --num-threads=4 --output D:\TianhongProjects\MyApplication\app\build\intermediates\pre-dexed\debug\com.facebook.fresco-fbcore-0.14.1_69ac61b3347c3ad8d98e5c2482430532937dcee4.jar D:\TianhongProjects\MyApplication\app\build\intermediates\exploded-aar\com.facebook.fresco\fbcore\0.14.1\jars\classes.jar
java_class_path (initial): D:\Documents\sdks\build-tools\24.0.0\lib\dx.jar
Launcher Type: SUN_STANDARD

Environment Variables:
JAVA_HOME=C:\Program Files\Java\jdk1.7.0_67\
CLASSPATH=C:\Program Files\Java\jdk1.7.0_67\lib\tools.jar;C:\Program Files\Java\jdk1.7.0_67\lib\dt.jar
PATH=C:\ProgramData\Oracle\Java\javapath;C:\Program Files (x86)\NVIDIA Corporation\PhysX\Common;C:\Windows\system32;C:\Windows;C:\Windows\System32\Wbem;C:\Windows\System32\WindowsPowerShell\v1.0\;C:\Program Files\Java\jdk1.7.0_67\bin;D:\Program Files\TortoiseSVN\bin;D:\Documents\sdks\platform-tools;.;;.;
USERNAME=Administrator
OS=Windows_NT
PROCESSOR_IDENTIFIER=Intel64 Family 6 Model 58 Stepping 9, GenuineIntel



---------------  S Y S T E M  ---------------

OS: Windows 7 , 64 bit Build 7601 (6.1.7601.19135)

CPU:total 4 (2 cores per cpu, 2 threads per core) family 6 model 58 stepping 9, cmov, cx8, fxsr, mmx, sse, sse2, sse3, ssse3, sse4.1, sse4.2, popcnt, avx, clmul, erms, ht, tsc, tscinvbit, tscinv

Memory: 4k page, physical 5842164k(891412k free), swap 11682492k(4245420k free)

vm_info: Java HotSpot(TM) 64-Bit Server VM (25.101-b13) for windows-amd64 JRE (1.8.0_101-b13), built on Jun 22 2016 01:21:29 by "java_re" with MS VC++ 10.0 (VS2010)

time: Tue Nov 01 20:33:44 2016
elapsed time: 10 seconds (0d 0h 0m 10s)

