#
# A fatal error has been detected by the Java Runtime Environment:
#
#  EXCEPTION_ACCESS_VIOLATION (0xc0000005) at pc=0x00000000565e5bc0, pid=7412, tid=0x0000000000001568
#
# JRE version: Java(TM) SE Runtime Environment (8.0_101-b13) (build 1.8.0_101-b13)
# Java VM: Java HotSpot(TM) 64-Bit Server VM (25.101-b13 mixed mode windows-amd64 compressed oops)
# Problematic frame:
# C  0x00000000565e5bc0
#
# Failed to write core dump. Minidumps are not enabled by default on client versions of Windows
#
# If you would like to submit a bug report, please visit:
#   http://bugreport.java.com/bugreport/crash.jsp
#

---------------  T H R E A D  ---------------

Current thread (0x00000000565e5000):  JavaThread "C1 CompilerThread2" daemon [_thread_in_native, id=5480, stack(0x0000000056f90000,0x0000000057090000)]

siginfo: ExceptionCode=0xc0000005, ExceptionInformation=0x0000000000000008 0x00000000565e5bc0

Registers:
RAX=0x000000000000000f, RBX=0x000000005708f230, RCX=0x000000005664be20, RDX=0x000000005708f630
RSP=0x000000005708ed80, RBP=0x0000000000000000, RSI=0x0000000057e3e8a0, RDI=0x00000000565e5c00
R8 =0xffffffffffffffff, R9 =0x0000000057e3dee0, R10=0x0000000000000000, R11=0x0000000057e3eaf0
R12=0x0000000000000000, R13=0x0000000000000000, R14=0x000000005708ef60, R15=0x00000000002dd03b
RIP=0x00000000565e5bc0, EFLAGS=0x0000000000010206

Top of Stack: (sp=0x000000005708ed80)
0x000000005708ed80:   0000000000000000 0000000057bb7750
0x000000005708ed90:   000000005708ef60 000000006968e297
0x000000005708eda0:   0000000000000000 000000005708f230
0x000000005708edb0:   0000000000000000 0000000057e3e8a0
0x000000005708edc0:   00000000ffffffff 00000000565e5b00
0x000000005708edd0:   0000000000000001 0000000057bb7750
0x000000005708ede0:   000000005664bec0 0000000069691b50
0x000000005708edf0:   0000000057e3e8a0 0000000057e3e8a0
0x000000005708ee00:   000000005708ef60 000000005708ef79
0x000000005708ee10:   000000005664b760 0000000069673166
0x000000005708ee20:   0000000000000000 0000000069506de9
0x000000005708ee30:   0000000000000000 000007fefd87132c
0x000000005708ee40:   0000000057bb7750 00000000696742cb
0x000000005708ee50:   00000000565e5c00 00000000565e5bc0
0x000000005708ee60:   0000000000000000 000000005708ef70
0x000000005708ee70:   000000005664be20 000000005708f230 

Instructions: (pc=0x00000000565e5bc0)
0x00000000565e5ba0:   00 00 00 00 00 00 00 00 00 00 00 00 00 00 00 00
0x00000000565e5bb0:   00 00 00 00 00 00 00 00 cc b3 9c 2c 4e d6 02 08
0x00000000565e5bc0:   00 00 bb 57 00 00 00 00 d8 03 00 00 00 00 00 00
0x00000000565e5bd0:   e1 64 39 64 cd 64 88 69 30 78 00 00 5b 70 60 f0 


Register to memory mapping:

RAX=0x000000000000000f is an unknown value
RBX=0x000000005708f230 is pointing into the stack for thread: 0x00000000565e5000
RCX=0x000000005664be20 is an unknown value
RDX=0x000000005708f630 is pointing into the stack for thread: 0x00000000565e5000
RSP=0x000000005708ed80 is pointing into the stack for thread: 0x00000000565e5000
RBP=0x0000000000000000 is an unknown value
RSI=0x0000000057e3e8a0 is an unknown value
RDI=0x00000000565e5c00 is an unknown value
R8 =0xffffffffffffffff is an unknown value
R9 =0x0000000057e3dee0 is an unknown value
R10=0x0000000000000000 is an unknown value
R11=0x0000000057e3eaf0 is an unknown value
R12=0x0000000000000000 is an unknown value
R13=0x0000000000000000 is an unknown value
R14=0x000000005708ef60 is pointing into the stack for thread: 0x00000000565e5000
R15=0x00000000002dd03b is an unknown value


Stack: [0x0000000056f90000,0x0000000057090000],  sp=0x000000005708ed80,  free space=1019k
Native frames: (J=compiled Java code, j=interpreted, Vv=VM code, C=native code)


Current CompileTask:
C1:   4734 1358   !   3       java.util.zip.ZipFile$ZipFileInputStream::read (131 bytes)


---------------  P R O C E S S  ---------------

Java Threads: ( => current thread )
  0x0000000056629000 JavaThread "Service Thread" daemon [_thread_blocked, id=7532, stack(0x0000000056be0000,0x0000000056ce0000)]
=>0x00000000565e5000 JavaThread "C1 CompilerThread2" daemon [_thread_in_native, id=5480, stack(0x0000000056f90000,0x0000000057090000)]
  0x00000000565e4000 JavaThread "C2 CompilerThread1" daemon [_thread_in_native, id=7928, stack(0x0000000057090000,0x0000000057190000)]
  0x000000005538b800 JavaThread "C2 CompilerThread0" daemon [_thread_blocked, id=7768, stack(0x0000000056e80000,0x0000000056f80000)]
  0x00000000565db800 JavaThread "Attach Listener" daemon [_thread_blocked, id=2884, stack(0x0000000056ce0000,0x0000000056de0000)]
  0x000000005537d800 JavaThread "Signal Dispatcher" daemon [_thread_blocked, id=7128, stack(0x0000000056ad0000,0x0000000056bd0000)]
  0x0000000055369000 JavaThread "Finalizer" daemon [_thread_blocked, id=6700, stack(0x00000000564d0000,0x00000000565d0000)]
  0x0000000055322000 JavaThread "Reference Handler" daemon [_thread_blocked, id=6584, stack(0x0000000056280000,0x0000000056380000)]
  0x000000000047f000 JavaThread "main" [_thread_in_vm, id=7620, stack(0x0000000002820000,0x0000000002920000)]

Other Threads:
  0x000000005531a000 VMThread [stack: 0x00000000563c0000,0x00000000564c0000] [id=6772]
  0x00000000566b1000 WatcherThread [stack: 0x0000000057310000,0x0000000057410000] [id=7352]

VM state:not at safepoint (normal execution)

VM Mutex/Monitor currently owned by a thread: None

Heap:
 PSYoungGen      total 27136K, used 20210K [0x00000000eab00000, 0x00000000ee000000, 0x0000000100000000)
  eden space 23552K, 70% used [0x00000000eab00000,0x00000000ebb3e7f8,0x00000000ec200000)
  from space 3584K, 99% used [0x00000000ec200000,0x00000000ec57e268,0x00000000ec580000)
  to   space 3584K, 0% used [0x00000000edc80000,0x00000000edc80000,0x00000000ee000000)
 ParOldGen       total 61440K, used 1706K [0x00000000c0000000, 0x00000000c3c00000, 0x00000000eab00000)
  object space 61440K, 2% used [0x00000000c0000000,0x00000000c01aa9e0,0x00000000c3c00000)
 Metaspace       used 6758K, capacity 7448K, committed 7680K, reserved 1056768K
  class space    used 673K, capacity 720K, committed 768K, reserved 1048576K

Card table byte_map: [0x0000000011ce0000,0x0000000011ef0000] byte_map_base: 0x00000000116e0000

Marking Bits: (ParMarkBitMap*) 0x0000000069a6a6d0
 Begin Bits: [0x0000000012790000, 0x0000000013790000)
 End Bits:   [0x0000000013790000, 0x0000000014790000)

Polling page: 0x0000000000230000

CodeCache: size=245760Kb used=5533Kb max_used=5562Kb free=240226Kb
 bounds [0x0000000002920000, 0x0000000002ea0000, 0x0000000011920000]
 total_blobs=1665 nmethods=1385 adapters=193
 compilation: enabled

Compilation events (10 events):
Event: 2.814 Thread 0x000000005538b800 1402       4       com.android.dx.rop.code.RegisterSpec::<init> (48 bytes)
Event: 2.815 Thread 0x000000005538b800 nmethod 1402 0x0000000002e66b10 code [0x0000000002e66c40, 0x0000000002e66cf8]
Event: 2.895 Thread 0x000000005538b800 1405       4       com.android.dx.rop.code.BasicBlock::getLastInsn (8 bytes)
Event: 2.896 Thread 0x000000005538b800 nmethod 1405 0x0000000002e77050 code [0x0000000002e771a0, 0x0000000002e77278]
Event: 2.896 Thread 0x000000005538b800 1406       4       com.android.dx.rop.cst.CstFieldRef::compareTo0 (43 bytes)
Event: 2.900 Thread 0x000000005538b800 nmethod 1406 0x0000000002e763d0 code [0x0000000002e76540, 0x0000000002e76998]
Event: 2.901 Thread 0x000000005538b800 1411       4       com.android.dx.rop.code.Rop::canThrow (18 bytes)
Event: 2.901 Thread 0x000000005538b800 nmethod 1411 0x0000000002e73f10 code [0x0000000002e74060, 0x0000000002e740f8]
Event: 2.901 Thread 0x000000005538b800 1414       4       java.util.TreeMap::get (19 bytes)
Event: 2.914 Thread 0x000000005538b800 nmethod 1414 0x0000000002e74a90 code [0x0000000002e74c00, 0x0000000002e75298]

GC Heap History (2 events):
Event: 1.950 GC heap before
{Heap before GC invocations=1 (full 0):
 PSYoungGen      total 27136K, used 23552K [0x00000000eab00000, 0x00000000ec900000, 0x0000000100000000)
  eden space 23552K, 100% used [0x00000000eab00000,0x00000000ec200000,0x00000000ec200000)
  from space 3584K, 0% used [0x00000000ec580000,0x00000000ec580000,0x00000000ec900000)
  to   space 3584K, 0% used [0x00000000ec200000,0x00000000ec200000,0x00000000ec580000)
 ParOldGen       total 61440K, used 0K [0x00000000c0000000, 0x00000000c3c00000, 0x00000000eab00000)
  object space 61440K, 0% used [0x00000000c0000000,0x00000000c0000000,0x00000000c3c00000)
 Metaspace       used 5990K, capacity 6902K, committed 7040K, reserved 1056768K
  class space    used 608K, capacity 622K, committed 640K, reserved 1048576K
Event: 2.210 GC heap after
Heap after GC invocations=1 (full 0):
 PSYoungGen      total 27136K, used 3576K [0x00000000eab00000, 0x00000000ee000000, 0x0000000100000000)
  eden space 23552K, 0% used [0x00000000eab00000,0x00000000eab00000,0x00000000ec200000)
  from space 3584K, 99% used [0x00000000ec200000,0x00000000ec57e268,0x00000000ec580000)
  to   space 3584K, 0% used [0x00000000edc80000,0x00000000edc80000,0x00000000ee000000)
 ParOldGen       total 61440K, used 1706K [0x00000000c0000000, 0x00000000c3c00000, 0x00000000eab00000)
  object space 61440K, 2% used [0x00000000c0000000,0x00000000c01aa9e0,0x00000000c3c00000)
 Metaspace       used 5990K, capacity 6902K, committed 7040K, reserved 1056768K
  class space    used 608K, capacity 622K, committed 640K, reserved 1048576K
}

Deoptimization events (10 events):
Event: 2.626 Thread 0x000000000047f000 Uncommon trap: reason=class_check action=maybe_recompile pc=0x0000000002d85a28 method=java.util.Arrays.hashCode([Ljava/lang/Object;)I @ 43
Event: 2.637 Thread 0x000000000047f000 Uncommon trap: reason=class_check action=maybe_recompile pc=0x0000000002cfdf44 method=java.util.HashMap.putVal(ILjava/lang/Object;Ljava/lang/Object;ZZ)Ljava/lang/Object; @ 203
Event: 2.639 Thread 0x000000000047f000 Uncommon trap: reason=unstable_if action=reinterpret pc=0x0000000002cfdf00 method=java.util.HashMap.putVal(ILjava/lang/Object;Ljava/lang/Object;ZZ)Ljava/lang/Object; @ 94
Event: 2.669 Thread 0x000000000047f000 Uncommon trap: reason=bimorphic action=maybe_recompile pc=0x0000000002cabd34 method=java.util.HashMap.getNode(ILjava/lang/Object;)Ljava/util/HashMap$Node; @ 126
Event: 2.669 Thread 0x000000000047f000 Uncommon trap: reason=bimorphic action=maybe_recompile pc=0x0000000002cabd34 method=java.util.HashMap.getNode(ILjava/lang/Object;)Ljava/util/HashMap$Node; @ 126
Event: 2.892 Thread 0x000000000047f000 Uncommon trap: reason=speculate_class_check action=maybe_recompile pc=0x0000000002cfecc0 method=com.android.dx.util.FixedSizeList.equals(Ljava/lang/Object;)Z @ 25
Event: 2.892 Thread 0x000000000047f000 Uncommon trap: reason=unstable_if action=reinterpret pc=0x0000000002ce7860 method=java.util.Arrays.equals([Ljava/lang/Object;[Ljava/lang/Object;)Z @ 23
Event: 2.897 Thread 0x000000000047f000 Uncommon trap: reason=speculate_class_check action=maybe_recompile pc=0x0000000002cfecc0 method=com.android.dx.util.FixedSizeList.equals(Ljava/lang/Object;)Z @ 25
Event: 2.897 Thread 0x000000000047f000 Uncommon trap: reason=speculate_class_check action=maybe_recompile pc=0x0000000002cfecc0 method=com.android.dx.util.FixedSizeList.equals(Ljava/lang/Object;)Z @ 25
Event: 2.897 Thread 0x000000000047f000 Uncommon trap: reason=speculate_class_check action=maybe_recompile pc=0x0000000002cfecc0 method=com.android.dx.util.FixedSizeList.equals(Ljava/lang/Object;)Z @ 25

Internal exceptions (3 events):
Event: 0.712 Thread 0x000000000047f000 Exception <a 'java/lang/NoSuchMethodError': Method sun.misc.Unsafe.defineClass(Ljava/lang/String;[BII)Ljava/lang/Class; name or signature does not match> (0x00000000eab07cc0) thrown at [C:\re\workspace\8-2-build-windows-amd64-cygwin\jdk8u101\7261\hotspot\s{¨?)¥Èæ?
Event: 0.712 Thread 0x000000000047f000 Exception <a 'java/lang/NoSuchMethodError': Method sun.misc.Unsafe.prefetchRead(Ljava/lang/Object;J)V name or signature does not match> (0x00000000eab07fa8) thrown at [C:\re\workspace\8-2-build-windows-amd64-cygwin\jdk8u101\7261\hotspot\src\share\vm\prims\©Ä…žx@
Event: 2.434 Thread 0x00000000567d2800 Implicit null exception at 0x0000000002b79f12 to 0x0000000002b7a002

Events (10 events):
Event: 2.893 loading class com/android/dx/util/ByteArrayAnnotatedOutput done
Event: 2.897 Thread 0x000000000047f000 Uncommon trap: trap_request=0xffffff76 fr.pc=0x0000000002cfecc0
Event: 2.897 Thread 0x000000000047f000 DEOPT PACKING pc=0x0000000002cfecc0 sp=0x000000000291efb0
Event: 2.897 Thread 0x000000000047f000 DEOPT UNPACKING pc=0x000000000296582a sp=0x000000000291ef70 mode 2
Event: 2.897 Thread 0x000000000047f000 Uncommon trap: trap_request=0xffffff76 fr.pc=0x0000000002cfecc0
Event: 2.897 Thread 0x000000000047f000 DEOPT PACKING pc=0x0000000002cfecc0 sp=0x000000000291efb0
Event: 2.897 Thread 0x000000000047f000 DEOPT UNPACKING pc=0x000000000296582a sp=0x000000000291ef70 mode 2
Event: 2.897 Thread 0x000000000047f000 Uncommon trap: trap_request=0xffffff76 fr.pc=0x0000000002cfecc0
Event: 2.897 Thread 0x000000000047f000 DEOPT PACKING pc=0x0000000002cfecc0 sp=0x000000000291efb0
Event: 2.897 Thread 0x000000000047f000 DEOPT UNPACKING pc=0x000000000296582a sp=0x000000000291ef70 mode 2


Dynamic libraries:
0x000000013f4e0000 - 0x000000013f517000 	C:\Program Files\Java\jdk1.8.0_101\bin\java.exe
0x0000000077760000 - 0x000000007790a000 	C:\Windows\SYSTEM32\ntdll.dll
0x0000000077400000 - 0x000000007751f000 	C:\Windows\system32\kernel32.dll
0x000007fefd870000 - 0x000007fefd8db000 	C:\Windows\system32\KERNELBASE.dll
0x000007feff600000 - 0x000007feff6db000 	C:\Windows\system32\ADVAPI32.dll
0x000007feff250000 - 0x000007feff2ef000 	C:\Windows\system32\msvcrt.dll
0x000007fefec30000 - 0x000007fefec4f000 	C:\Windows\SYSTEM32\sechost.dll
0x000007fefec50000 - 0x000007fefed7d000 	C:\Windows\system32\RPCRT4.dll
0x0000000077520000 - 0x000000007761a000 	C:\Windows\system32\USER32.dll
0x000007fefe670000 - 0x000007fefe6d7000 	C:\Windows\system32\GDI32.dll
0x000007fefe760000 - 0x000007fefe76e000 	C:\Windows\system32\LPK.dll
0x000007feff9a0000 - 0x000007feffa6a000 	C:\Windows\system32\USP10.dll
0x000007fefbbd0000 - 0x000007fefbdc4000 	C:\Windows\WinSxS\amd64_microsoft.windows.common-controls_6595b64144ccf1df_6.0.7601.18837_none_fa3b1e3d17594757\COMCTL32.dll
0x000007feff580000 - 0x000007feff5f1000 	C:\Windows\system32\SHLWAPI.dll
0x000007fefed80000 - 0x000007fefedae000 	C:\Windows\system32\IMM32.DLL
0x000007fefea80000 - 0x000007fefeb89000 	C:\Windows\system32\MSCTF.dll
0x000007fefd3f0000 - 0x000007fefd422000 	C:\Windows\system32\nvinitx.dll
0x000000006b450000 - 0x000000006b522000 	C:\Program Files\Java\jdk1.8.0_101\jre\bin\msvcr100.dll
0x0000000069250000 - 0x0000000069aea000 	C:\Program Files\Java\jdk1.8.0_101\jre\bin\server\jvm.dll
0x000007fef6fb0000 - 0x000007fef6fb9000 	C:\Windows\system32\WSOCK32.dll
0x000007fefeea0000 - 0x000007fefeeed000 	C:\Windows\system32\WS2_32.dll
0x000007feff2f0000 - 0x000007feff2f8000 	C:\Windows\system32\NSI.dll
0x000007fefd830000 - 0x000007fefd86b000 	C:\Windows\system32\WINMM.dll
0x000007fefc590000 - 0x000007fefc59c000 	C:\Windows\system32\VERSION.dll
0x0000000077920000 - 0x0000000077927000 	C:\Windows\system32\PSAPI.DLL
0x000000006bf00000 - 0x000000006bf0f000 	C:\Program Files\Java\jdk1.8.0_101\jre\bin\verify.dll
0x000000006be30000 - 0x000000006be59000 	C:\Program Files\Java\jdk1.8.0_101\jre\bin\java.dll
0x000000006bee0000 - 0x000000006bef6000 	C:\Program Files\Java\jdk1.8.0_101\jre\bin\zip.dll
0x000007fefd8e0000 - 0x000007fefe669000 	C:\Windows\system32\SHELL32.dll
0x000007fefe870000 - 0x000007fefea73000 	C:\Windows\system32\ole32.dll
0x000007fefd430000 - 0x000007fefd43f000 	C:\Windows\system32\profapi.dll
0x000007fef7090000 - 0x000007fef71b5000 	C:\Windows\system32\dbghelp.dll

VM Arguments:
jvm_args: -Djava.awt.headless=true -Xmx1024M -Dfile.encoding=GBK -Duser.country=CN -Duser.language=zh -Duser.variant 
java_command: com.android.dx.command.Main --dex --force-jumbo --num-threads=4 --output D:\TianhongProjects\MyApplication\app\build\intermediates\pre-dexed\debug\com.android.support-support-vector-drawable-24.0.0_61ba425a0a088f2ed923849532b9068671c6bf17.jar D:\TianhongProjects\MyApplication\app\build\intermediates\exploded-aar\com.android.support\support-vector-drawable\24.0.0\jars\classes.jar
java_class_path (initial): D:\Documents\sdks\build-tools\24.0.0\lib\dx.jar
Launcher Type: SUN_STANDARD

Environment Variables:
JAVA_HOME=C:\Program Files\Java\jdk1.7.0_67\
CLASSPATH=C:\Program Files\Java\jdk1.7.0_67\lib\tools.jar;C:\Program Files\Java\jdk1.7.0_67\lib\dt.jar
PATH=C:\ProgramData\Oracle\Java\javapath;C:\Program Files (x86)\NVIDIA Corporation\PhysX\Common;C:\Windows\system32;C:\Windows;C:\Windows\System32\Wbem;C:\Windows\System32\WindowsPowerShell\v1.0\;C:\Program Files\Java\jdk1.7.0_67\bin;D:\Program Files\TortoiseSVN\bin;D:\Documents\sdks\platform-tools;.;;.;
USERNAME=Administrator
OS=Windows_NT
PROCESSOR_IDENTIFIER=Intel64 Family 6 Model 58 Stepping 9, GenuineIntel



---------------  S Y S T E M  ---------------

OS: Windows 7 , 64 bit Build 7601 (6.1.7601.19135)

CPU:total 4 (2 cores per cpu, 2 threads per core) family 6 model 58 stepping 9, cmov, cx8, fxsr, mmx, sse, sse2, sse3, ssse3, sse4.1, sse4.2, popcnt, avx, clmul, erms, ht, tsc, tscinvbit, tscinv

Memory: 4k page, physical 5842164k(1275612k free), swap 11682492k(6193248k free)

vm_info: Java HotSpot(TM) 64-Bit Server VM (25.101-b13) for windows-amd64 JRE (1.8.0_101-b13), built on Jun 22 2016 01:21:29 by "java_re" with MS VC++ 10.0 (VS2010)

time: Sun Oct 30 10:13:38 2016
elapsed time: 4 seconds (0d 0h 0m 4s)

