#
# A fatal error has been detected by the Java Runtime Environment:
#
#  EXCEPTION_ACCESS_VIOLATION (0xc0000005) at pc=0x000000005f8f1144, pid=4408, tid=0x00000000000017c0
#
# JRE version: Java(TM) SE Runtime Environment (8.0_101-b13) (build 1.8.0_101-b13)
# Java VM: Java HotSpot(TM) 64-Bit Server VM (25.101-b13 mixed mode windows-amd64 compressed oops)
# Problematic frame:
# V  [jvm.dll+0x501144]
#
# Failed to write core dump. Minidumps are not enabled by default on client versions of Windows
#
# If you would like to submit a bug report, please visit:
#   http://bugreport.java.com/bugreport/crash.jsp
#

---------------  T H R E A D  ---------------

Current thread (0x00000000550ed800):  JavaThread "C2 CompilerThread0" daemon [_thread_in_native, id=6080, stack(0x00000000569f0000,0x0000000056af0000)]

siginfo: ExceptionCode=0xc0000005, reading address 0x0000000000000021

Registers:
RAX=0x0000000000000001, RBX=0x0000000000002068, RCX=0x0000000056aecd70, RDX=0x0000000056aee8b0
RSP=0x0000000056aecc80, RBP=0x000000005657ad08, RSI=0x0000000000000000, RDI=0x0000000056aecd70
R8 =0x0000000000000010, R9 =0x0000000000000001, R10=0x0000000000000000, R11=0x0000000000000001
R12=0x0000000000000001, R13=0x00000000000000d0, R14=0x000000005fa52eb8, R15=0x0000000000000001
RIP=0x000000005f8f1144, EFLAGS=0x0000000000010202

Top of Stack: (sp=0x0000000056aecc80)
0x0000000056aecc80:   0000000056aecd70 0000000000000001
0x0000000056aecc90:   00000000000000d0 000000005fa52eb8
0x0000000056aecca0:   0000000058a13f70 0000000058a14084
0x0000000056aeccb0:   00000000000000d0 0000000000000000
0x0000000056aeccc0:   0000000057f16980 0000000056aecd70
0x0000000056aeccd0:   0000000000000000 000000005f8f194f
0x0000000056aecce0:   0000000056aede01 0000000056aecd00
0x0000000056aeccf0:   0000000000002068 0000000056578ca0
0x0000000056aecd00:   00000000579a0940 000000005f92930e
0x0000000056aecd10:   0000000045d84800 0000000000000000
0x0000000056aecd20:   00000000fffffffc 0000000059c4bb10
0x0000000056aecd30:   0000000000000000 0000000000000000
0x0000000056aecd40:   0000000056578c80 000000005f849c80
0x0000000056aecd50:   0000000056aee8b0 00000000589cac10
0x0000000056aecd60:   0000000059c4bb10 000000005f91e9cd
0x0000000056aecd70:   000000005fa642f8 0000000000000001 

Instructions: (pc=0x000000005f8f1144)
0x000000005f8f1124:   00 00 48 83 7d 18 00 0f 84 94 02 00 00 48 89 af
0x000000005f8f1134:   f0 00 00 00 48 8b 45 18 48 89 47 28 48 8b 45 00
0x000000005f8f1144:   48 8b 48 20 8b 41 08 48 8b cf 89 47 48 e8 1a d5
0x000000005f8f1154:   f8 ff 84 c0 0f 85 67 02 00 00 ff 05 28 b7 31 00 


Register to memory mapping:

RAX=0x0000000000000001 is an unknown value
RBX=0x0000000000002068 is an unknown value
RCX=0x0000000056aecd70 is pointing into the stack for thread: 0x00000000550ed800
RDX=0x0000000056aee8b0 is pointing into the stack for thread: 0x00000000550ed800
RSP=0x0000000056aecc80 is pointing into the stack for thread: 0x00000000550ed800
RBP=0x000000005657ad08 is an unknown value
RSI=0x0000000000000000 is an unknown value
RDI=0x0000000056aecd70 is pointing into the stack for thread: 0x00000000550ed800
R8 =0x0000000000000010 is an unknown value
R9 =0x0000000000000001 is an unknown value
R10=0x0000000000000000 is an unknown value
R11=0x0000000000000001 is an unknown value
R12=0x0000000000000001 is an unknown value
R13=0x00000000000000d0 is an unknown value
R14=0x000000005fa52eb8 is an unknown value
R15=0x0000000000000001 is an unknown value


Stack: [0x00000000569f0000,0x0000000056af0000],  sp=0x0000000056aecc80,  free space=1011k
Native frames: (J=compiled Java code, j=interpreted, Vv=VM code, C=native code)
V  [jvm.dll+0x501144]
V  [jvm.dll+0x50194f]
V  [jvm.dll+0x459c80]
V  [jvm.dll+0x47f296]
V  [jvm.dll+0x5084b7]
V  [jvm.dll+0x501037]
V  [jvm.dll+0x5013b9]
V  [jvm.dll+0x50194f]
V  [jvm.dll+0x459c80]
V  [jvm.dll+0x45a37d]
V  [jvm.dll+0x47f296]
V  [jvm.dll+0x5084b7]
V  [jvm.dll+0x501037]
V  [jvm.dll+0x5013b9]
V  [jvm.dll+0x50194f]
V  [jvm.dll+0x459c80]
V  [jvm.dll+0x45a37d]
V  [jvm.dll+0x47f296]
V  [jvm.dll+0x5084b7]
V  [jvm.dll+0x501037]
V  [jvm.dll+0x5013b9]
V  [jvm.dll+0x50194f]
V  [jvm.dll+0x459c80]
V  [jvm.dll+0x4760e5]
V  [jvm.dll+0x458d82]
V  [jvm.dll+0xa57c2]
V  [jvm.dll+0xa60ff]
V  [jvm.dll+0x2451a4]
V  [jvm.dll+0x29c18a]
C  [msvcr100.dll+0x21d9f]
C  [msvcr100.dll+0x21e3b]
C  [kernel32.dll+0x159ed]
C  [ntdll.dll+0x2b371]


Current CompileTask:
C2:   9008 1811       4       com.android.dx.ssa.SsaBasicBlock::forEachInsn (37 bytes)


---------------  P R O C E S S  ---------------

Java Threads: ( => current thread )
  0x0000000056699800 JavaThread "pool-1-thread-4" [_thread_blocked, id=5824, stack(0x0000000057100000,0x0000000057200000)]
  0x0000000056695000 JavaThread "pool-1-thread-3" [_thread_blocked, id=7964, stack(0x0000000057310000,0x0000000057410000)]
  0x0000000056693000 JavaThread "pool-1-thread-2" [_thread_blocked, id=8080, stack(0x0000000057590000,0x0000000057690000)]
  0x0000000056583000 JavaThread "pool-2-thread-1" [_thread_blocked, id=4392, stack(0x0000000057450000,0x0000000057550000)]
  0x000000005657c800 JavaThread "pool-1-thread-1" [_thread_in_Java, id=4740, stack(0x0000000057200000,0x0000000057300000)]
  0x0000000056462000 JavaThread "Service Thread" daemon [_thread_blocked, id=5508, stack(0x0000000056b10000,0x0000000056c10000)]
  0x0000000056404000 JavaThread "C1 CompilerThread2" daemon [_thread_blocked, id=7312, stack(0x0000000056e80000,0x0000000056f80000)]
  0x00000000563ef000 JavaThread "C2 CompilerThread1" daemon [_thread_in_native, id=1036, stack(0x0000000056cd0000,0x0000000056dd0000)]
=>0x00000000550ed800 JavaThread "C2 CompilerThread0" daemon [_thread_in_native, id=6080, stack(0x00000000569f0000,0x0000000056af0000)]
  0x00000000550eb000 JavaThread "Attach Listener" daemon [_thread_blocked, id=5484, stack(0x0000000056870000,0x0000000056970000)]
  0x00000000550de800 JavaThread "Signal Dispatcher" daemon [_thread_blocked, id=5532, stack(0x00000000561a0000,0x00000000562a0000)]
  0x00000000550cb000 JavaThread "Finalizer" daemon [_thread_blocked, id=6916, stack(0x00000000562d0000,0x00000000563d0000)]
  0x0000000055084000 JavaThread "Reference Handler" daemon [_thread_blocked, id=3304, stack(0x0000000055ff0000,0x00000000560f0000)]
  0x00000000024ff800 JavaThread "main" [_thread_blocked, id=6280, stack(0x00000000026a0000,0x00000000027a0000)]

Other Threads:
  0x000000005507a800 VMThread [stack: 0x0000000011f10000,0x0000000012010000] [id=4376]
  0x000000005646e000 WatcherThread [stack: 0x0000000056fb0000,0x00000000570b0000] [id=3348]

VM state:not at safepoint (normal execution)

VM Mutex/Monitor currently owned by a thread: None

Heap:
 PSYoungGen      total 97792K, used 44923K [0x00000000eab00000, 0x00000000fa000000, 0x0000000100000000)
  eden space 94208K, 47% used [0x00000000eab00000,0x00000000ed6ded28,0x00000000f0700000)
  from space 3584K, 0% used [0x00000000f0700000,0x00000000f0700000,0x00000000f0a80000)
  to   space 31232K, 0% used [0x00000000f8180000,0x00000000f8180000,0x00000000fa000000)
 ParOldGen       total 96256K, used 34425K [0x00000000c0000000, 0x00000000c5e00000, 0x00000000eab00000)
  object space 96256K, 35% used [0x00000000c0000000,0x00000000c219e5f8,0x00000000c5e00000)
 Metaspace       used 5956K, capacity 6960K, committed 7040K, reserved 1056768K
  class space    used 588K, capacity 616K, committed 640K, reserved 1048576K

Card table byte_map: [0x0000000011b60000,0x0000000011d70000] byte_map_base: 0x0000000011560000

Marking Bits: (ParMarkBitMap*) 0x000000005fc0a6d0
 Begin Bits: [0x00000000124f0000, 0x00000000134f0000)
 End Bits:   [0x00000000134f0000, 0x00000000144f0000)

Polling page: 0x0000000001c60000

CodeCache: size=245760Kb used=7450Kb max_used=7450Kb free=238309Kb
 bounds [0x00000000027a0000, 0x0000000002f00000, 0x00000000117a0000]
 total_blobs=1925 nmethods=1661 adapters=177
 compilation: enabled

Compilation events (10 events):
Event: 8.636 Thread 0x0000000056404000 1819       3       com.android.dx.rop.code.LocalVariableExtractor::doit (49 bytes)
Event: 8.637 Thread 0x0000000056404000 nmethod 1819 0x0000000002eb6090 code [0x0000000002eb6220, 0x0000000002eb66d8]
Event: 8.637 Thread 0x0000000056404000 1817       3       com.android.dx.util.FixedSizeList::shrinkToFit (103 bytes)
Event: 8.637 Thread 0x0000000056404000 nmethod 1817 0x0000000002ec9e50 code [0x0000000002eca000, 0x0000000002eca888]
Event: 8.637 Thread 0x0000000056404000 1818       3       com.android.dx.util.LabeledList::rebuildLabelToIndex (46 bytes)
Event: 8.638 Thread 0x0000000056404000 nmethod 1818 0x0000000002ecabd0 code [0x0000000002ecad80, 0x0000000002ecb3e8]
Event: 8.673 Thread 0x0000000056404000 1825       2       com.android.dx.cf.code.ConcreteMethod::getMaxStack (8 bytes)
Event: 8.673 Thread 0x0000000056404000 nmethod 1825 0x0000000002eb5d50 code [0x0000000002eb5ea0, 0x0000000002eb5ff0]
Event: 8.681 Thread 0x0000000056404000 1826       2       com.android.dx.cf.code.ConcreteMethod::getEffectiveDescriptor (10 bytes)
Event: 8.681 Thread 0x0000000056404000 nmethod 1826 0x0000000002ec33d0 code [0x0000000002ec3540, 0x0000000002ec36c8]

GC Heap History (10 events):
Event: 2.821 GC heap before
{Heap before GC invocations=2 (full 0):
 PSYoungGen      total 27136K, used 27133K [0x00000000eab00000, 0x00000000ee000000, 0x0000000100000000)
  eden space 23552K, 100% used [0x00000000eab00000,0x00000000ec200000,0x00000000ec200000)
  from space 3584K, 99% used [0x00000000ec200000,0x00000000ec57f5d8,0x00000000ec580000)
  to   space 3584K, 0% used [0x00000000edc80000,0x00000000edc80000,0x00000000ee000000)
 ParOldGen       total 61440K, used 1853K [0x00000000c0000000, 0x00000000c3c00000, 0x00000000eab00000)
  object space 61440K, 3% used [0x00000000c0000000,0x00000000c01cf680,0x00000000c3c00000)
 Metaspace       used 5771K, capacity 6832K, committed 7040K, reserved 1056768K
  class space    used 582K, capacity 616K, committed 640K, reserved 1048576K
Event: 2.835 GC heap after
Heap after GC invocations=2 (full 0):
 PSYoungGen      total 50688K, used 3578K [0x00000000eab00000, 0x00000000ee000000, 0x0000000100000000)
  eden space 47104K, 0% used [0x00000000eab00000,0x00000000eab00000,0x00000000ed900000)
  from space 3584K, 99% used [0x00000000edc80000,0x00000000edffeb90,0x00000000ee000000)
  to   space 3584K, 0% used [0x00000000ed900000,0x00000000ed900000,0x00000000edc80000)
 ParOldGen       total 61440K, used 5931K [0x00000000c0000000, 0x00000000c3c00000, 0x00000000eab00000)
  object space 61440K, 9% used [0x00000000c0000000,0x00000000c05cad18,0x00000000c3c00000)
 Metaspace       used 5771K, capacity 6832K, committed 7040K, reserved 1056768K
  class space    used 582K, capacity 616K, committed 640K, reserved 1048576K
}
Event: 3.565 GC heap before
{Heap before GC invocations=3 (full 0):
 PSYoungGen      total 50688K, used 50682K [0x00000000eab00000, 0x00000000ee000000, 0x0000000100000000)
  eden space 47104K, 100% used [0x00000000eab00000,0x00000000ed900000,0x00000000ed900000)
  from space 3584K, 99% used [0x00000000edc80000,0x00000000edffeb90,0x00000000ee000000)
  to   space 3584K, 0% used [0x00000000ed900000,0x00000000ed900000,0x00000000edc80000)
 ParOldGen       total 61440K, used 5931K [0x00000000c0000000, 0x00000000c3c00000, 0x00000000eab00000)
  object space 61440K, 9% used [0x00000000c0000000,0x00000000c05cad18,0x00000000c3c00000)
 Metaspace       used 5893K, capacity 6960K, committed 7040K, reserved 1056768K
  class space    used 585K, capacity 616K, committed 640K, reserved 1048576K
Event: 3.705 GC heap after
Heap after GC invocations=3 (full 0):
 PSYoungGen      total 50688K, used 3573K [0x00000000eab00000, 0x00000000f0e00000, 0x0000000100000000)
  eden space 47104K, 0% used [0x00000000eab00000,0x00000000eab00000,0x00000000ed900000)
  from space 3584K, 99% used [0x00000000ed900000,0x00000000edc7d780,0x00000000edc80000)
  to   space 3584K, 0% used [0x00000000f0a80000,0x00000000f0a80000,0x00000000f0e00000)
 ParOldGen       total 61440K, used 19383K [0x00000000c0000000, 0x00000000c3c00000, 0x00000000eab00000)
  object space 61440K, 31% used [0x00000000c0000000,0x00000000c12ede10,0x00000000c3c00000)
 Metaspace       used 5893K, capacity 6960K, committed 7040K, reserved 1056768K
  class space    used 585K, capacity 616K, committed 640K, reserved 1048576K
}
Event: 5.261 GC heap before
{Heap before GC invocations=4 (full 0):
 PSYoungGen      total 50688K, used 50677K [0x00000000eab00000, 0x00000000f0e00000, 0x0000000100000000)
  eden space 47104K, 100% used [0x00000000eab00000,0x00000000ed900000,0x00000000ed900000)
  from space 3584K, 99% used [0x00000000ed900000,0x00000000edc7d780,0x00000000edc80000)
  to   space 3584K, 0% used [0x00000000f0a80000,0x00000000f0a80000,0x00000000f0e00000)
 ParOldGen       total 61440K, used 19383K [0x00000000c0000000, 0x00000000c3c00000, 0x00000000eab00000)
  object space 61440K, 31% used [0x00000000c0000000,0x00000000c12ede10,0x00000000c3c00000)
 Metaspace       used 5918K, capacity 6960K, committed 7040K, reserved 1056768K
  class space    used 587K, capacity 616K, committed 640K, reserved 1048576K
Event: 5.317 GC heap after
Heap after GC invocations=4 (full 0):
 PSYoungGen      total 97792K, used 3573K [0x00000000eab00000, 0x00000000f0e00000, 0x0000000100000000)
  eden space 94208K, 0% used [0x00000000eab00000,0x00000000eab00000,0x00000000f0700000)
  from space 3584K, 99% used [0x00000000f0a80000,0x00000000f0dfd780,0x00000000f0e00000)
  to   space 3584K, 0% used [0x00000000f0700000,0x00000000f0700000,0x00000000f0a80000)
 ParOldGen       total 61440K, used 38014K [0x00000000c0000000, 0x00000000c3c00000, 0x00000000eab00000)
  object space 61440K, 61% used [0x00000000c0000000,0x00000000c251f830,0x00000000c3c00000)
 Metaspace       used 5918K, capacity 6960K, committed 7040K, reserved 1056768K
  class space    used 587K, capacity 616K, committed 640K, reserved 1048576K
}
Event: 6.896 GC heap before
{Heap before GC invocations=5 (full 0):
 PSYoungGen      total 97792K, used 97781K [0x00000000eab00000, 0x00000000f0e00000, 0x0000000100000000)
  eden space 94208K, 100% used [0x00000000eab00000,0x00000000f0700000,0x00000000f0700000)
  from space 3584K, 99% used [0x00000000f0a80000,0x00000000f0dfd780,0x00000000f0e00000)
  to   space 3584K, 0% used [0x00000000f0700000,0x00000000f0700000,0x00000000f0a80000)
 ParOldGen       total 61440K, used 38014K [0x00000000c0000000, 0x00000000c3c00000, 0x00000000eab00000)
  object space 61440K, 61% used [0x00000000c0000000,0x00000000c251f830,0x00000000c3c00000)
 Metaspace       used 5939K, capacity 6960K, committed 7040K, reserved 1056768K
  class space    used 588K, capacity 616K, committed 640K, reserved 1048576K
Event: 7.511 GC heap after
Heap after GC invocations=5 (full 0):
 PSYoungGen      total 97792K, used 3568K [0x00000000eab00000, 0x00000000fa000000, 0x0000000100000000)
  eden space 94208K, 0% used [0x00000000eab00000,0x00000000eab00000,0x00000000f0700000)
  from space 3584K, 99% used [0x00000000f0700000,0x00000000f0a7c2f8,0x00000000f0a80000)
  to   space 31232K, 0% used [0x00000000f8180000,0x00000000f8180000,0x00000000fa000000)
 ParOldGen       total 61440K, used 58384K [0x00000000c0000000, 0x00000000c3c00000, 0x00000000eab00000)
  object space 61440K, 95% used [0x00000000c0000000,0x00000000c3904070,0x00000000c3c00000)
 Metaspace       used 5939K, capacity 6960K, committed 7040K, reserved 1056768K
  class space    used 588K, capacity 616K, committed 640K, reserved 1048576K
}
Event: 7.511 GC heap before
{Heap before GC invocations=6 (full 1):
 PSYoungGen      total 97792K, used 3568K [0x00000000eab00000, 0x00000000fa000000, 0x0000000100000000)
  eden space 94208K, 0% used [0x00000000eab00000,0x00000000eab00000,0x00000000f0700000)
  from space 3584K, 99% used [0x00000000f0700000,0x00000000f0a7c2f8,0x00000000f0a80000)
  to   space 31232K, 0% used [0x00000000f8180000,0x00000000f8180000,0x00000000fa000000)
 ParOldGen       total 61440K, used 58384K [0x00000000c0000000, 0x00000000c3c00000, 0x00000000eab00000)
  object space 61440K, 95% used [0x00000000c0000000,0x00000000c3904070,0x00000000c3c00000)
 Metaspace       used 5939K, capacity 6960K, committed 7040K, reserved 1056768K
  class space    used 588K, capacity 616K, committed 640K, reserved 1048576K
Event: 8.336 GC heap after
Heap after GC invocations=6 (full 1):
 PSYoungGen      total 97792K, used 0K [0x00000000eab00000, 0x00000000fa000000, 0x0000000100000000)
  eden space 94208K, 0% used [0x00000000eab00000,0x00000000eab00000,0x00000000f0700000)
  from space 3584K, 0% used [0x00000000f0700000,0x00000000f0700000,0x00000000f0a80000)
  to   space 31232K, 0% used [0x00000000f8180000,0x00000000f8180000,0x00000000fa000000)
 ParOldGen       total 96256K, used 34425K [0x00000000c0000000, 0x00000000c5e00000, 0x00000000eab00000)
  object space 96256K, 35% used [0x00000000c0000000,0x00000000c219e5f8,0x00000000c5e00000)
 Metaspace       used 5939K, capacity 6960K, committed 7040K, reserved 1056768K
  class space    used 588K, capacity 616K, committed 640K, reserved 1048576K
}

Deoptimization events (10 events):
Event: 4.254 Thread 0x0000000056695000 Uncommon trap: reason=class_check action=maybe_recompile pc=0x0000000002a82060 method=com.android.dx.rop.type.Type.equals(Ljava/lang/Object;)Z @ 8
Event: 4.255 Thread 0x0000000056695000 Uncommon trap: reason=unstable_if action=reinterpret pc=0x0000000002b58768 method=com.android.dx.cf.code.Ropper.labelToResultIndex(I)I @ 34
Event: 4.256 Thread 0x0000000056695000 Uncommon trap: reason=unstable_if action=reinterpret pc=0x00000000029f0ee8 method=java.util.BitSet.ensureCapacity(I)V @ 6
Event: 4.262 Thread 0x0000000056695000 Uncommon trap: reason=unstable_if action=reinterpret pc=0x0000000002cee0b8 method=com.android.dx.ssa.SCCP.simulateStmt(Lcom/android/dx/ssa/SsaInsn;)V @ 469
Event: 5.320 Thread 0x0000000056695000 Uncommon trap: reason=unstable_if action=reinterpret pc=0x0000000002d363ac method=com.android.dx.util.IntList.binarysearch(I)I @ 16
Event: 5.320 Thread 0x0000000056695000 Uncommon trap: reason=unstable_if action=reinterpret pc=0x0000000002d7777c method=com.android.dx.rop.code.InsnList.contentEquals(Lcom/android/dx/rop/code/InsnList;)Z @ 25
Event: 5.321 Thread 0x0000000056695000 Uncommon trap: reason=unstable_if action=reinterpret pc=0x0000000002c042b4 method=com.android.dx.util.LabeledList.set(ILcom/android/dx/util/LabeledItem;)V @ 16
Event: 5.331 Thread 0x0000000056695000 Uncommon trap: reason=null_check action=make_not_entrant pc=0x0000000002caecb0 method=com.android.dx.ssa.SsaRenamer.getLocalForNewReg(I)Lcom/android/dx/rop/code/LocalItem; @ 19
Event: 8.465 Thread 0x0000000056693000 Uncommon trap: reason=unstable_if action=reinterpret pc=0x0000000002e81f38 method=com.android.dx.rop.code.LocalItem.hashCode()I @ 25
Event: 8.467 Thread 0x0000000056693000 Uncommon trap: reason=unstable_if action=reinterpret pc=0x0000000002e07554 method=com.android.dx.rop.code.LocalItem.hashCode()I @ 25

Internal exceptions (3 events):
Event: 0.070 Thread 0x00000000024ff800 Exception <a 'java/lang/NoSuchMethodError': Method sun.misc.Unsafe.defineClass(Ljava/lang/String;[BII)Ljava/lang/Class; name or signature does not match> (0x00000000eab07cc0) thrown at [C:\re\workspace\8-2-build-windows-amd64-cygwin\jdk8u101\7261\hotspot\s}nø//²?
Event: 0.070 Thread 0x00000000024ff800 Exception <a 'java/lang/NoSuchMethodError': Method sun.misc.Unsafe.prefetchRead(Ljava/lang/Object;J)V name or signature does not match> (0x00000000eab07fa8) thrown at [C:\re\workspace\8-2-build-windows-amd64-cygwin\jdk8u101\7261\hotspot\src\share\vm\prims\…Eä9S@
Event: 5.331 Thread 0x0000000056695000 Implicit null exception at 0x0000000002cadb63 to 0x0000000002caec7d

Events (10 events):
Event: 8.619 Thread 0x000000005657c800 DEOPT PACKING pc=0x0000000002c88a85 sp=0x00000000572fec60
Event: 8.619 Thread 0x000000005657c800 DEOPT UNPACKING pc=0x00000000027e787f sp=0x00000000572fe998 mode 0
Event: 8.621 Thread 0x000000005657c800 DEOPT PACKING pc=0x0000000002c8902b sp=0x00000000572fef00
Event: 8.621 Thread 0x000000005657c800 DEOPT UNPACKING pc=0x00000000027e787f sp=0x00000000572fec58 mode 0
Event: 8.622 Thread 0x000000005657c800 DEOPT PACKING pc=0x0000000002c989ca sp=0x00000000572fed00
Event: 8.622 Thread 0x000000005657c800 DEOPT UNPACKING pc=0x00000000027e787f sp=0x00000000572fead8 mode 0
Event: 8.625 Thread 0x000000005657c800 DEOPT PACKING pc=0x0000000002b0a805 sp=0x00000000572fed10
Event: 8.625 Thread 0x000000005657c800 DEOPT UNPACKING pc=0x00000000027e787f sp=0x00000000572feab0 mode 0
Event: 8.628 Thread 0x000000005657c800 DEOPT PACKING pc=0x0000000002c9bd45 sp=0x00000000572fee70
Event: 8.628 Thread 0x000000005657c800 DEOPT UNPACKING pc=0x00000000027e787f sp=0x00000000572febb0 mode 0


Dynamic libraries:
0x000000013f040000 - 0x000000013f077000 	C:\Program Files\Java\jdk1.8.0_101\bin\java.exe
0x0000000077620000 - 0x00000000777ca000 	C:\Windows\SYSTEM32\ntdll.dll
0x00000000772c0000 - 0x00000000773df000 	C:\Windows\system32\kernel32.dll
0x000007fefd500000 - 0x000007fefd56b000 	C:\Windows\system32\KERNELBASE.dll
0x000007fefdcc0000 - 0x000007fefdd9b000 	C:\Windows\system32\ADVAPI32.dll
0x000007feff3f0000 - 0x000007feff48f000 	C:\Windows\system32\msvcrt.dll
0x000007fefe500000 - 0x000007fefe51f000 	C:\Windows\SYSTEM32\sechost.dll
0x000007fefe520000 - 0x000007fefe64d000 	C:\Windows\system32\RPCRT4.dll
0x00000000773e0000 - 0x00000000774da000 	C:\Windows\system32\USER32.dll
0x000007fefd7a0000 - 0x000007fefd807000 	C:\Windows\system32\GDI32.dll
0x000007feff3e0000 - 0x000007feff3ee000 	C:\Windows\system32\LPK.dll
0x000007feff740000 - 0x000007feff80a000 	C:\Windows\system32\USP10.dll
0x000007fefba30000 - 0x000007fefbc24000 	C:\Windows\WinSxS\amd64_microsoft.windows.common-controls_6595b64144ccf1df_6.0.7601.18837_none_fa3b1e3d17594757\COMCTL32.dll
0x000007feff490000 - 0x000007feff501000 	C:\Windows\system32\SHLWAPI.dll
0x000007feff510000 - 0x000007feff53e000 	C:\Windows\system32\IMM32.DLL
0x000007feff540000 - 0x000007feff649000 	C:\Windows\system32\MSCTF.dll
0x000007fefd2b0000 - 0x000007fefd2e2000 	C:\Windows\system32\nvinitx.dll
0x000000005fc90000 - 0x000000005fd62000 	C:\Program Files\Java\jdk1.8.0_101\jre\bin\msvcr100.dll
0x000000005f3f0000 - 0x000000005fc8a000 	C:\Program Files\Java\jdk1.8.0_101\jre\bin\server\jvm.dll
0x000007fef7370000 - 0x000007fef7379000 	C:\Windows\system32\WSOCK32.dll
0x000007fefdbb0000 - 0x000007fefdbfd000 	C:\Windows\system32\WS2_32.dll
0x000007feff650000 - 0x000007feff658000 	C:\Windows\system32\NSI.dll
0x000007fefd4c0000 - 0x000007fefd4fb000 	C:\Windows\system32\WINMM.dll
0x000007fefc450000 - 0x000007fefc45c000 	C:\Windows\system32\VERSION.dll
0x00000000777e0000 - 0x00000000777e7000 	C:\Windows\system32\PSAPI.DLL
0x0000000073670000 - 0x000000007367f000 	C:\Program Files\Java\jdk1.8.0_101\jre\bin\verify.dll
0x000000006c980000 - 0x000000006c9a9000 	C:\Program Files\Java\jdk1.8.0_101\jre\bin\java.dll
0x000000006e5c0000 - 0x000000006e5d6000 	C:\Program Files\Java\jdk1.8.0_101\jre\bin\zip.dll
0x000007fefe650000 - 0x000007feff3d9000 	C:\Windows\system32\SHELL32.dll
0x000007fefd810000 - 0x000007fefda13000 	C:\Windows\system32\ole32.dll
0x000007fefd2f0000 - 0x000007fefd2ff000 	C:\Windows\system32\profapi.dll
0x000007feeaa60000 - 0x000007feeab85000 	C:\Windows\system32\dbghelp.dll

VM Arguments:
jvm_args: -Djava.awt.headless=true -Xmx1024M -Dfile.encoding=GBK -Duser.country=CN -Duser.language=zh -Duser.variant 
java_command: com.android.dx.command.Main --dex --force-jumbo --num-threads=4 --output D:\studioWorkSpaceTianhong1\TianHongPayMent\app\build\intermediates\pre-dexed\debug\main_1412146ab522d756a9f71c1e0621fb2e61d082d6.jar D:\studioWorkSpaceTianhong1\TianHongPayMent\app\build\intermediates\transforms\instantRun\debug\folders\1\5\main
java_class_path (initial): D:\Documents\sdks\build-tools\24.0.0\lib\dx.jar
Launcher Type: SUN_STANDARD

Environment Variables:
JAVA_HOME=C:\Program Files\Java\jdk1.7.0_67\
CLASSPATH=C:\Program Files\Java\jdk1.7.0_67\lib\tools.jar;C:\Program Files\Java\jdk1.7.0_67\lib\dt.jar
PATH=C:\ProgramData\Oracle\Java\javapath;C:\Program Files (x86)\NVIDIA Corporation\PhysX\Common;C:\Windows\system32;C:\Windows;C:\Windows\System32\Wbem;C:\Windows\System32\WindowsPowerShell\v1.0\;C:\Program Files\Java\jdk1.7.0_67\bin;D:\Program Files\TortoiseSVN\bin;.;;.;
USERNAME=Administrator
OS=Windows_NT
PROCESSOR_IDENTIFIER=Intel64 Family 6 Model 58 Stepping 9, GenuineIntel



---------------  S Y S T E M  ---------------

OS: Windows 7 , 64 bit Build 7601 (6.1.7601.19135)

CPU:total 4 (2 cores per cpu, 2 threads per core) family 6 model 58 stepping 9, cmov, cx8, fxsr, mmx, sse, sse2, sse3, ssse3, sse4.1, sse4.2, popcnt, avx, clmul, erms, ht, tsc, tscinvbit, tscinv

Memory: 4k page, physical 5842164k(640756k free), swap 11682492k(3997532k free)

vm_info: Java HotSpot(TM) 64-Bit Server VM (25.101-b13) for windows-amd64 JRE (1.8.0_101-b13), built on Jun 22 2016 01:21:29 by "java_re" with MS VC++ 10.0 (VS2010)

time: Wed Sep 28 15:21:35 2016
elapsed time: 9 seconds (0d 0h 0m 9s)

