#
# A fatal error has been detected by the Java Runtime Environment:
#
#  EXCEPTION_ACCESS_VIOLATION (0xc0000005) at pc=0x00000000030e70fc, pid=8172, tid=0x0000000000001e14
#
# JRE version: Java(TM) SE Runtime Environment (8.0_101-b13) (build 1.8.0_101-b13)
# Java VM: Java HotSpot(TM) 64-Bit Server VM (25.101-b13 mixed mode windows-amd64 compressed oops)
# Problematic frame:
# J 1874 C2 com.android.dx.ssa.SsaMethod.convertRopToSsaBlocks(Lcom/android/dx/rop/code/RopMethod;)V (103 bytes) @ 0x00000000030e70fc [0x00000000030e6ec0+0x23c]
#
# Failed to write core dump. Minidumps are not enabled by default on client versions of Windows
#
# If you would like to submit a bug report, please visit:
#   http://bugreport.java.com/bugreport/crash.jsp
#

---------------  T H R E A D  ---------------

Current thread (0x000000000252f000):  JavaThread "main" [_thread_in_Java, id=7700, stack(0x00000000026f0000,0x00000000027f0000)]

siginfo: ExceptionCode=0xc0000005, writing address 0x00000000116529e3

Registers:
RAX=0x0000000000000000, RBX=0x00000000ef712ff8, RCX=0x0000000000000002, RDX=0x00000000ef712ff8
RSP=0x00000000027ee140, RBP=0x0000000000000001, RSI=0x00000000ef712d78, RDI=0x00000000ef7125f8
R8 =0x00000000115b0000, R9 =0x00000000ef712fd8, R10=0x0000000000000001, R11=0x00000000000a29e3
R12=0x0000000000000000, R13=0x000000000000000c, R14=0x00000000ef7125b0, R15=0x000000000252f000
RIP=0x00000000030e70fc, EFLAGS=0x0000000000010203

Top of Stack: (sp=0x00000000027ee140)
0x00000000027ee140:   00000000ef6fe0e0 00000000ef712488
0x00000000027ee150:   0000000000000000 0000000002c36b74
0x00000000027ee160:   00000000144d78f0 ef712b70ef712c08
0x00000000027ee170:   0000000014543f50 0000000014544478
0x00000000027ee180:   000000001453c7f8 00000000144f93d8
0x00000000027ee190:   00000000ef712bc0 ef712018ef7125b0
0x00000000027ee1a0:   00000000ef712c08 00000000ef712fd8
0x00000000027ee1b0:   00000000ef712b70 00000000ef712698
0x00000000027ee1c0:   0000000100000005 00000000ef711ff8
0x00000000027ee1d0:   00000000ef712018 00000002ef712fd8
0x00000000027ee1e0:   00000000ef712ff8 00000000ef712c50
0x00000000027ee1f0:   000000000000003f 0000000200000005
0x00000000027ee200:   0000000000000000 00000000f0ac30b0
0x00000000027ee210:   ef712ff800000000 0000000100000000
0x00000000027ee220:   00000000ef712570 00000000ef712590
0x00000000027ee230:   00000000ef712b70 00000000ef712698 

Instructions: (pc=0x00000000030e70fc)
0x00000000030e70dc:   89 4b 30 4c 8b 5c 24 70 45 8b 5b 2c 44 89 5c 24
0x00000000030e70ec:   50 4c 8b 5c 24 60 49 c1 eb 09 41 b8 00 00 5b 11
0x00000000030e70fc:   47 88 24 18 45 85 d2 0f 84 f7 00 00 00 4c 8b 94
0x00000000030e710c:   24 88 00 00 00 45 8b 52 10 45 85 d2 0f 8c ca 30 


Register to memory mapping:

RAX=0x0000000000000000 is an unknown value
RBX=0x00000000ef712ff8 is an oop
[I 
 - klass: {type array int}
 - length: 1
RCX=0x0000000000000002 is an unknown value
RDX=0x00000000ef712ff8 is an oop
[I 
 - klass: {type array int}
 - length: 1
RSP=0x00000000027ee140 is pointing into the stack for thread: 0x000000000252f000
RBP=0x0000000000000001 is an unknown value
RSI=0x00000000ef712d78 is an oop
[Lcom.android.dx.util.IntList; 
 - klass: 'com/android/dx/util/IntList'[]
 - length: 13
RDI=0x00000000ef7125f8 is an oop
com.android.dx.util.IntList 
 - klass: 'com/android/dx/util/IntList'
R8 =0x00000000115b0000 is an unknown value
R9 =0x00000000ef712fd8 is an oop
com.android.dx.util.IntList 
 - klass: 'com/android/dx/util/IntList'
R10=0x0000000000000001 is an unknown value
R11=0x00000000000a29e3 is an unknown value
R12=0x0000000000000000 is an unknown value
R13=0x000000000000000c is an unknown value
R14=0x00000000ef7125b0 is an oop
com.android.dx.rop.code.BasicBlockList 
 - klass: 'com/android/dx/rop/code/BasicBlockList'
R15=0x000000000252f000 is a thread


Stack: [0x00000000026f0000,0x00000000027f0000],  sp=0x00000000027ee140,  free space=1016k
Native frames: (J=compiled Java code, j=interpreted, Vv=VM code, C=native code)
C  0x00000000030e70fc


---------------  P R O C E S S  ---------------

Java Threads: ( => current thread )
  0x00000000570d0800 JavaThread "pool-1-thread-4" [_thread_blocked, id=7012, stack(0x0000000057f60000,0x0000000058060000)]
  0x0000000057087000 JavaThread "pool-1-thread-3" [_thread_blocked, id=2672, stack(0x0000000057e30000,0x0000000057f30000)]
  0x0000000057086800 JavaThread "pool-1-thread-2" [_thread_blocked, id=7328, stack(0x0000000057d20000,0x0000000057e20000)]
  0x0000000057084000 JavaThread "pool-2-thread-1" [_thread_blocked, id=3612, stack(0x0000000057b30000,0x0000000057c30000)]
  0x0000000057083800 JavaThread "pool-1-thread-1" [_thread_blocked, id=6400, stack(0x0000000057880000,0x0000000057980000)]
  0x00000000562fb000 JavaThread "Service Thread" daemon [_thread_blocked, id=7468, stack(0x0000000056b40000,0x0000000056c40000)]
  0x00000000562cd800 JavaThread "C1 CompilerThread2" daemon [_thread_blocked, id=7244, stack(0x0000000056d20000,0x0000000056e20000)]
  0x0000000056274000 JavaThread "C2 CompilerThread1" daemon [_thread_blocked, id=5156, stack(0x0000000056900000,0x0000000056a00000)]
  0x0000000054ebb800 JavaThread "C2 CompilerThread0" daemon [_thread_blocked, id=6312, stack(0x0000000056a30000,0x0000000056b30000)]
  0x0000000054eba000 JavaThread "Attach Listener" daemon [_thread_blocked, id=6472, stack(0x00000000566b0000,0x00000000567b0000)]
  0x0000000056268800 JavaThread "Signal Dispatcher" daemon [_thread_blocked, id=7028, stack(0x00000000567c0000,0x00000000568c0000)]
  0x0000000054e93000 JavaThread "Finalizer" daemon [_thread_blocked, id=8056, stack(0x0000000056160000,0x0000000056260000)]
  0x0000000054e52000 JavaThread "Reference Handler" daemon [_thread_blocked, id=8156, stack(0x0000000055f10000,0x0000000056010000)]
=>0x000000000252f000 JavaThread "main" [_thread_in_Java, id=7700, stack(0x00000000026f0000,0x00000000027f0000)]

Other Threads:
  0x0000000054e4a000 VMThread [stack: 0x0000000056020000,0x0000000056120000] [id=8120]
  0x0000000056302800 WatcherThread [stack: 0x0000000056f50000,0x0000000057050000] [id=7996]

VM state:not at safepoint (normal execution)

VM Mutex/Monitor currently owned by a thread: None

Heap:
 PSYoungGen      total 97792K, used 82518K [0x00000000eab00000, 0x00000000f0e00000, 0x0000000100000000)
  eden space 94208K, 83% used [0x00000000eab00000,0x00000000ef8178c0,0x00000000f0700000)
  from space 3584K, 99% used [0x00000000f0a80000,0x00000000f0dfe2a8,0x00000000f0e00000)
  to   space 3584K, 0% used [0x00000000f0700000,0x00000000f0700000,0x00000000f0a80000)
 ParOldGen       total 61440K, used 18878K [0x00000000c0000000, 0x00000000c3c00000, 0x00000000eab00000)
  object space 61440K, 30% used [0x00000000c0000000,0x00000000c126f840,0x00000000c3c00000)
 Metaspace       used 6474K, capacity 7192K, committed 7424K, reserved 1056768K
  class space    used 629K, capacity 656K, committed 768K, reserved 1048576K

Card table byte_map: [0x0000000011bb0000,0x0000000011dc0000] byte_map_base: 0x00000000115b0000

Marking Bits: (ParMarkBitMap*) 0x000000005ba4a6d0
 Begin Bits: [0x00000000122c0000, 0x00000000132c0000)
 End Bits:   [0x00000000132c0000, 0x00000000142c0000)

Polling page: 0x0000000000340000

CodeCache: size=245760Kb used=10253Kb max_used=10267Kb free=235506Kb
 bounds [0x00000000027f0000, 0x0000000003210000, 0x00000000117f0000]
 total_blobs=2284 nmethods=2012 adapters=184
 compilation: enabled

Compilation events (10 events):
Event: 18.336 Thread 0x00000000562cd800 nmethod 2056 0x00000000031d5610 code [0x00000000031d57a0, 0x00000000031d5b28]
Event: 18.354 Thread 0x00000000562cd800 2057       3       com.android.dx.rop.code.BasicBlockList::preferredSuccessorOf (77 bytes)
Event: 18.354 Thread 0x00000000562cd800 nmethod 2057 0x00000000031d4bd0 code [0x00000000031d4d80, 0x00000000031d5488]
Event: 18.383 Thread 0x0000000056274000 nmethod 2047 0x00000000031e3850 code [0x00000000031e3aa0, 0x00000000031e4ed0]
Event: 18.383 Thread 0x0000000056274000 2058       4       com.android.dx.dex.code.RopTranslator::pickOrder (400 bytes)
Event: 18.405 Thread 0x0000000054ebb800 nmethod 2031 0x00000000031ef0d0 code [0x00000000031f0900, 0x00000000031f7888]
Event: 18.406 Thread 0x0000000054ebb800 2055       4       java.util.HashMap::putVal (300 bytes)
Event: 18.438 Thread 0x0000000054ebb800 nmethod 2055 0x00000000031eb490 code [0x00000000031eb680, 0x00000000031ec888]
Event: 18.438 Thread 0x0000000054ebb800 2048   !   4       com.android.dx.cf.direct.AttributeListParser::parse (323 bytes)
Event: 18.440 Thread 0x0000000056274000 nmethod 2058 0x00000000032004d0 code [0x0000000003200700, 0x0000000003201dd0]

GC Heap History (8 events):
Event: 3.363 GC heap before
{Heap before GC invocations=1 (full 0):
 PSYoungGen      total 27136K, used 23552K [0x00000000eab00000, 0x00000000ec900000, 0x0000000100000000)
  eden space 23552K, 100% used [0x00000000eab00000,0x00000000ec200000,0x00000000ec200000)
  from space 3584K, 0% used [0x00000000ec580000,0x00000000ec580000,0x00000000ec900000)
  to   space 3584K, 0% used [0x00000000ec200000,0x00000000ec200000,0x00000000ec580000)
 ParOldGen       total 61440K, used 0K [0x00000000c0000000, 0x00000000c3c00000, 0x00000000eab00000)
  object space 61440K, 0% used [0x00000000c0000000,0x00000000c0000000,0x00000000c3c00000)
 Metaspace       used 5929K, capacity 6774K, committed 7040K, reserved 1056768K
  class space    used 606K, capacity 622K, committed 640K, reserved 1048576K
Event: 3.409 GC heap after
Heap after GC invocations=1 (full 0):
 PSYoungGen      total 27136K, used 3553K [0x00000000eab00000, 0x00000000ee000000, 0x0000000100000000)
  eden space 23552K, 0% used [0x00000000eab00000,0x00000000eab00000,0x00000000ec200000)
  from space 3584K, 99% used [0x00000000ec200000,0x00000000ec5786e8,0x00000000ec580000)
  to   space 3584K, 0% used [0x00000000edc80000,0x00000000edc80000,0x00000000ee000000)
 ParOldGen       total 61440K, used 1196K [0x00000000c0000000, 0x00000000c3c00000, 0x00000000eab00000)
  object space 61440K, 1% used [0x00000000c0000000,0x00000000c012b258,0x00000000c3c00000)
 Metaspace       used 5929K, capacity 6774K, committed 7040K, reserved 1056768K
  class space    used 606K, capacity 622K, committed 640K, reserved 1048576K
}
Event: 5.791 GC heap before
{Heap before GC invocations=2 (full 0):
 PSYoungGen      total 27136K, used 27105K [0x00000000eab00000, 0x00000000ee000000, 0x0000000100000000)
  eden space 23552K, 100% used [0x00000000eab00000,0x00000000ec200000,0x00000000ec200000)
  from space 3584K, 99% used [0x00000000ec200000,0x00000000ec5786e8,0x00000000ec580000)
  to   space 3584K, 0% used [0x00000000edc80000,0x00000000edc80000,0x00000000ee000000)
 ParOldGen       total 61440K, used 1196K [0x00000000c0000000, 0x00000000c3c00000, 0x00000000eab00000)
  object space 61440K, 1% used [0x00000000c0000000,0x00000000c012b258,0x00000000c3c00000)
 Metaspace       used 6161K, capacity 7030K, committed 7296K, reserved 1056768K
  class space    used 607K, capacity 622K, committed 640K, reserved 1048576K
Event: 6.173 GC heap after
Heap after GC invocations=2 (full 0):
 PSYoungGen      total 50688K, used 3568K [0x00000000eab00000, 0x00000000ee000000, 0x0000000100000000)
  eden space 47104K, 0% used [0x00000000eab00000,0x00000000eab00000,0x00000000ed900000)
  from space 3584K, 99% used [0x00000000edc80000,0x00000000edffc1b0,0x00000000ee000000)
  to   space 3584K, 0% used [0x00000000ed900000,0x00000000ed900000,0x00000000edc80000)
 ParOldGen       total 61440K, used 4223K [0x00000000c0000000, 0x00000000c3c00000, 0x00000000eab00000)
  object space 61440K, 6% used [0x00000000c0000000,0x00000000c041fd48,0x00000000c3c00000)
 Metaspace       used 6161K, capacity 7030K, committed 7296K, reserved 1056768K
  class space    used 607K, capacity 622K, committed 640K, reserved 1048576K
}
Event: 10.455 GC heap before
{Heap before GC invocations=3 (full 0):
 PSYoungGen      total 50688K, used 50672K [0x00000000eab00000, 0x00000000ee000000, 0x0000000100000000)
  eden space 47104K, 100% used [0x00000000eab00000,0x00000000ed900000,0x00000000ed900000)
  from space 3584K, 99% used [0x00000000edc80000,0x00000000edffc1b0,0x00000000ee000000)
  to   space 3584K, 0% used [0x00000000ed900000,0x00000000ed900000,0x00000000edc80000)
 ParOldGen       total 61440K, used 4223K [0x00000000c0000000, 0x00000000c3c00000, 0x00000000eab00000)
  object space 61440K, 6% used [0x00000000c0000000,0x00000000c041fd48,0x00000000c3c00000)
 Metaspace       used 6295K, capacity 7094K, committed 7296K, reserved 1056768K
  class space    used 608K, capacity 622K, committed 640K, reserved 1048576K
Event: 10.634 GC heap after
Heap after GC invocations=3 (full 0):
 PSYoungGen      total 50688K, used 3583K [0x00000000eab00000, 0x00000000f0e00000, 0x0000000100000000)
  eden space 47104K, 0% used [0x00000000eab00000,0x00000000eab00000,0x00000000ed900000)
  from space 3584K, 99% used [0x00000000ed900000,0x00000000edc7fd18,0x00000000edc80000)
  to   space 3584K, 0% used [0x00000000f0a80000,0x00000000f0a80000,0x00000000f0e00000)
 ParOldGen       total 61440K, used 11326K [0x00000000c0000000, 0x00000000c3c00000, 0x00000000eab00000)
  object space 61440K, 18% used [0x00000000c0000000,0x00000000c0b0fbf0,0x00000000c3c00000)
 Metaspace       used 6295K, capacity 7094K, committed 7296K, reserved 1056768K
  class space    used 608K, capacity 622K, committed 640K, reserved 1048576K
}
Event: 14.591 GC heap before
{Heap before GC invocations=4 (full 0):
 PSYoungGen      total 50688K, used 50687K [0x00000000eab00000, 0x00000000f0e00000, 0x0000000100000000)
  eden space 47104K, 100% used [0x00000000eab00000,0x00000000ed900000,0x00000000ed900000)
  from space 3584K, 99% used [0x00000000ed900000,0x00000000edc7fd18,0x00000000edc80000)
  to   space 3584K, 0% used [0x00000000f0a80000,0x00000000f0a80000,0x00000000f0e00000)
 ParOldGen       total 61440K, used 11326K [0x00000000c0000000, 0x00000000c3c00000, 0x00000000eab00000)
  object space 61440K, 18% used [0x00000000c0000000,0x00000000c0b0fbf0,0x00000000c3c00000)
 Metaspace       used 6362K, capacity 7158K, committed 7296K, reserved 1056768K
  class space    used 609K, capacity 622K, committed 640K, reserved 1048576K
Event: 15.790 GC heap after
Heap after GC invocations=4 (full 0):
 PSYoungGen      total 97792K, used 3576K [0x00000000eab00000, 0x00000000f0e00000, 0x0000000100000000)
  eden space 94208K, 0% used [0x00000000eab00000,0x00000000eab00000,0x00000000f0700000)
  from space 3584K, 99% used [0x00000000f0a80000,0x00000000f0dfe2a8,0x00000000f0e00000)
  to   space 3584K, 0% used [0x00000000f0700000,0x00000000f0700000,0x00000000f0a80000)
 ParOldGen       total 61440K, used 18878K [0x00000000c0000000, 0x00000000c3c00000, 0x00000000eab00000)
  object space 61440K, 30% used [0x00000000c0000000,0x00000000c126f840,0x00000000c3c00000)
 Metaspace       used 6362K, capacity 7158K, committed 7296K, reserved 1056768K
  class space    used 609K, capacity 622K, committed 640K, reserved 1048576K
}

Deoptimization events (10 events):
Event: 18.159 Thread 0x000000000252f000 Uncommon trap: reason=unstable_if action=reinterpret pc=0x0000000003146ecc method=com.android.dx.cf.code.Ropper.isSynchronized()Z @ 12
Event: 18.160 Thread 0x000000000252f000 Uncommon trap: reason=unstable_if action=reinterpret pc=0x0000000002ccf4b0 method=com.android.dx.ssa.MoveParamCombiner$1.visitNonMoveInsn(Lcom/android/dx/ssa/NormalSsaInsn;)V @ 27
Event: 18.216 Thread 0x000000000252f000 Uncommon trap: reason=class_check action=maybe_recompile pc=0x00000000030907b0 method=com.android.dx.cf.code.RopperMachine.run(Lcom/android/dx/cf/code/Frame;II)V @ 1024
Event: 18.217 Thread 0x000000000252f000 Uncommon trap: reason=unstable_if action=reinterpret pc=0x0000000002c1af38 method=java.util.HashMap.putVal(ILjava/lang/Object;Ljava/lang/Object;ZZ)Ljava/lang/Object; @ 162
Event: 18.318 Thread 0x0000000057087000 Uncommon trap: reason=bimorphic action=maybe_recompile pc=0x0000000003166bd0 method=com.android.dx.rop.code.RegisterSpec.withSimpleType()Lcom/android/dx/rop/code/RegisterSpec; @ 21
Event: 18.321 Thread 0x0000000057087000 Uncommon trap: reason=bimorphic action=maybe_recompile pc=0x0000000002d09ed0 method=com.android.dx.ssa.LiteralOpUpgrader.tryReplacingWithConstant(Lcom/android/dx/ssa/NormalSsaInsn;)Z @ 62
Event: 18.332 Thread 0x0000000057083800 Uncommon trap: reason=bimorphic action=maybe_recompile pc=0x0000000002e2aefc method=com.android.dx.ssa.SCCP.simulatePhi(Lcom/android/dx/ssa/PhiInsn;)V @ 124
Event: 18.335 Thread 0x0000000057083800 Uncommon trap: reason=bimorphic action=maybe_recompile pc=0x0000000003166bd0 method=com.android.dx.rop.code.RegisterSpec.withSimpleType()Lcom/android/dx/rop/code/RegisterSpec; @ 21
Event: 18.335 Thread 0x0000000057083800 Uncommon trap: reason=bimorphic action=maybe_recompile pc=0x0000000002e2aefc method=com.android.dx.ssa.SCCP.simulatePhi(Lcom/android/dx/ssa/PhiInsn;)V @ 124
Event: 18.352 Thread 0x0000000057083800 Uncommon trap: reason=unstable_if action=reinterpret pc=0x0000000002de30e4 method=com.android.dx.rop.code.BasicBlockList.preferredSuccessorOf(Lcom/android/dx/rop/code/BasicBlock;)Lcom/android/dx/rop/code/BasicBlock; @ 58

Internal exceptions (5 events):
Event: 0.260 Thread 0x000000000252f000 Exception <a 'java/lang/NoSuchMethodError': Method sun.misc.Unsafe.defineClass(Ljava/lang/String;[BII)Ljava/lang/Class; name or signature does not match> (0x00000000eab07cc0) thrown at [C:\re\workspace\8-2-build-windows-amd64-cygwin\jdk8u101\7261\hotspot\sºd¶Íµ©–?
Event: 0.260 Thread 0x000000000252f000 Exception <a 'java/lang/NoSuchMethodError': Method sun.misc.Unsafe.prefetchRead(Ljava/lang/Object;J)V name or signature does not match> (0x00000000eab07fa8) thrown at [C:\re\workspace\8-2-build-windows-amd64-cygwin\jdk8u101\7261\hotspot\src\share\vm\prims\;¢OΩ÷Ï1@
Event: 17.925 Thread 0x0000000057086800 Exception <a 'java/lang/ArrayIndexOutOfBoundsException': 18> (0x00000000ec216ae8) thrown at [C:\re\workspace\8-2-build-windows-amd64-cygwin\jdk8u101\7261\hotspot\src\share\vm\interpreter\interpreterRuntime.cpp, line 366]
Event: 17.926 Thread 0x0000000057086800 Exception <a 'java/lang/ArrayIndexOutOfBoundsException': 145> (0x00000000ec218668) thrown at [C:\re\workspace\8-2-build-windows-amd64-cygwin\jdk8u101\7261\hotspot\src\share\vm\interpreter\interpreterRuntime.cpp, line 366]
Event: 17.929 Thread 0x0000000057086800 Exception <a 'java/lang/ArrayIndexOutOfBoundsException'> (0x00000000ec219950) thrown at [C:\re\workspace\8-2-build-windows-amd64-cygwin\jdk8u101\7261\hotspot\src\share\vm\runtime\sharedRuntime.cpp, line 605]

Events (10 events):
Event: 18.332 Thread 0x0000000057083800 DEOPT UNPACKING pc=0x000000000283582a sp=0x000000005797e6e8 mode 2
Event: 18.335 Thread 0x0000000057083800 Uncommon trap: trap_request=0xffffffc6 fr.pc=0x0000000003166bd0
Event: 18.335 Thread 0x0000000057083800 DEOPT PACKING pc=0x0000000003166bd0 sp=0x000000005797e810
Event: 18.335 Thread 0x0000000057083800 DEOPT UNPACKING pc=0x000000000283582a sp=0x000000005797e748 mode 2
Event: 18.335 Thread 0x0000000057083800 Uncommon trap: trap_request=0xffffffc6 fr.pc=0x0000000002e2aefc
Event: 18.335 Thread 0x0000000057083800 DEOPT PACKING pc=0x0000000002e2aefc sp=0x000000005797e760
Event: 18.335 Thread 0x0000000057083800 DEOPT UNPACKING pc=0x000000000283582a sp=0x000000005797e6e8 mode 2
Event: 18.352 Thread 0x0000000057083800 Uncommon trap: trap_request=0xffffff65 fr.pc=0x0000000002de30e4
Event: 18.352 Thread 0x0000000057083800 DEOPT PACKING pc=0x0000000002de30e4 sp=0x000000005797e8c0
Event: 18.352 Thread 0x0000000057083800 DEOPT UNPACKING pc=0x000000000283582a sp=0x000000005797e848 mode 2


Dynamic libraries:
0x000000013faa0000 - 0x000000013fad7000 	C:\Program Files\Java\jdk1.8.0_101\bin\java.exe
0x0000000077340000 - 0x00000000774ea000 	C:\Windows\SYSTEM32\ntdll.dll
0x0000000076fe0000 - 0x00000000770ff000 	C:\Windows\system32\kernel32.dll
0x000007fefd0e0000 - 0x000007fefd14b000 	C:\Windows\system32\KERNELBASE.dll
0x000007fefe7e0000 - 0x000007fefe8bb000 	C:\Windows\system32\ADVAPI32.dll
0x000007fefe090000 - 0x000007fefe12f000 	C:\Windows\system32\msvcrt.dll
0x000007fefd7b0000 - 0x000007fefd7cf000 	C:\Windows\SYSTEM32\sechost.dll
0x000007fefe6b0000 - 0x000007fefe7dd000 	C:\Windows\system32\RPCRT4.dll
0x0000000077240000 - 0x000000007733a000 	C:\Windows\system32\USER32.dll
0x000007fefdb10000 - 0x000007fefdb77000 	C:\Windows\system32\GDI32.dll
0x000007fefde20000 - 0x000007fefde2e000 	C:\Windows\system32\LPK.dll
0x000007fefd8b0000 - 0x000007fefd97a000 	C:\Windows\system32\USP10.dll
0x000007fefb6e0000 - 0x000007fefb8d4000 	C:\Windows\WinSxS\amd64_microsoft.windows.common-controls_6595b64144ccf1df_6.0.7601.18837_none_fa3b1e3d17594757\COMCTL32.dll
0x000007fefe630000 - 0x000007fefe6a1000 	C:\Windows\system32\SHLWAPI.dll
0x000007fefe540000 - 0x000007fefe56e000 	C:\Windows\system32\IMM32.DLL
0x000007fefdd10000 - 0x000007fefde19000 	C:\Windows\system32\MSCTF.dll
0x000007fefcfd0000 - 0x000007fefd002000 	C:\Windows\system32\nvinitx.dll
0x000000005bad0000 - 0x000000005bba2000 	C:\Program Files\Java\jdk1.8.0_101\jre\bin\msvcr100.dll
0x000000005b230000 - 0x000000005baca000 	C:\Program Files\Java\jdk1.8.0_101\jre\bin\server\jvm.dll
0x000007fef6e10000 - 0x000007fef6e19000 	C:\Windows\system32\WSOCK32.dll
0x000007fefd550000 - 0x000007fefd59d000 	C:\Windows\system32\WS2_32.dll
0x000007fefd540000 - 0x000007fefd548000 	C:\Windows\system32\NSI.dll
0x000007fefd3b0000 - 0x000007fefd3eb000 	C:\Windows\system32\WINMM.dll
0x000007fefc170000 - 0x000007fefc17c000 	C:\Windows\system32\VERSION.dll
0x0000000077500000 - 0x0000000077507000 	C:\Windows\system32\PSAPI.DLL
0x0000000060560000 - 0x000000006056f000 	C:\Program Files\Java\jdk1.8.0_101\jre\bin\verify.dll
0x000000005c610000 - 0x000000005c639000 	C:\Program Files\Java\jdk1.8.0_101\jre\bin\java.dll
0x000000005c840000 - 0x000000005c856000 	C:\Program Files\Java\jdk1.8.0_101\jre\bin\zip.dll
0x000007fefe8c0000 - 0x000007feff649000 	C:\Windows\system32\SHELL32.dll
0x000007fefd5a0000 - 0x000007fefd7a3000 	C:\Windows\system32\ole32.dll
0x000007fefd010000 - 0x000007fefd01f000 	C:\Windows\system32\profapi.dll
0x000007fef6ef0000 - 0x000007fef7015000 	C:\Windows\system32\dbghelp.dll

VM Arguments:
jvm_args: -Djava.awt.headless=true -Xmx1024M -Dfile.encoding=GBK -Duser.country=CN -Duser.language=zh -Duser.variant 
java_command: com.android.dx.command.Main --dex --force-jumbo --num-threads=4 --output D:\studioWorkSpaceTianhong1\TianHongPayMent\app\build\intermediates\pre-dexed\debug\com.android.support-appcompat-v7-23.4.0_3e9bf0cf7a6de1f49c6f1f2d9238e2f291cf5f31.jar D:\studioWorkSpaceTianhong1\TianHongPayMent\app\build\intermediates\exploded-aar\com.android.support\appcompat-v7\23.4.0\jars\classes.jar
java_class_path (initial): D:\Documents\sdks\build-tools\24.0.0\lib\dx.jar
Launcher Type: SUN_STANDARD

Environment Variables:
JAVA_HOME=C:\Program Files\Java\jdk1.7.0_67\
CLASSPATH=C:\Program Files\Java\jdk1.7.0_67\lib\tools.jar;C:\Program Files\Java\jdk1.7.0_67\lib\dt.jar
PATH=C:\ProgramData\Oracle\Java\javapath;C:\Program Files (x86)\NVIDIA Corporation\PhysX\Common;C:\Windows\system32;C:\Windows;C:\Windows\System32\Wbem;C:\Windows\System32\WindowsPowerShell\v1.0\;C:\Program Files\Java\jdk1.7.0_67\bin;D:\Program Files\TortoiseSVN\bin;.;;.;
USERNAME=Administrator
OS=Windows_NT
PROCESSOR_IDENTIFIER=Intel64 Family 6 Model 58 Stepping 9, GenuineIntel



---------------  S Y S T E M  ---------------

OS: Windows 7 , 64 bit Build 7601 (6.1.7601.19135)

CPU:total 4 (2 cores per cpu, 2 threads per core) family 6 model 58 stepping 9, cmov, cx8, fxsr, mmx, sse, sse2, sse3, ssse3, sse4.1, sse4.2, popcnt, avx, clmul, erms, ht, tsc, tscinvbit, tscinv

Memory: 4k page, physical 5842164k(586836k free), swap 11682492k(5136244k free)

vm_info: Java HotSpot(TM) 64-Bit Server VM (25.101-b13) for windows-amd64 JRE (1.8.0_101-b13), built on Jun 22 2016 01:21:29 by "java_re" with MS VC++ 10.0 (VS2010)

time: Thu Oct 13 15:02:00 2016
elapsed time: 18 seconds (0d 0h 0m 18s)

